2018-08-06 23:35:45,061 INFO  [restartedMain] (MQTT.MQTTClient) Connected to MQTT!
2018-08-06 23:35:45,063 DEBUG [restartedMain] (MQTT.MQTTClient) Subscribed to BM topic!
2018-08-06 23:35:45,063 DEBUG [restartedMain] (MQTT.MQTTClient) Listener set!
2018-08-06 23:35:45,063 DEBUG [restartedMain] (MQTT.MQTTClient) Publisher set!
2018-08-06 23:35:48,713 DEBUG [MQTT Call: VM_12345678] (MQTT.MainMQTTListener) Message arrived at topic BM
2018-08-06 23:35:48,714 DEBUG [MQTT Call: VM_12345678] (MQTT.MainMQTTListener) Message is: 
{
"RID":"testnoprod1",
"CID":"0000",
"RTY":"register",
"name":"Sprinkler 1",
"roomID":"RJ2L",
"proplist":[
	{
	"ptype":"D",
	"name":"On/Off",
	"mode":"O",
	"index":0
	},
	{
	"ptype":"A2",
	"name":"Sprinkle Strength",
	"mode":"O",
	"index":1
	}
],
"icon":"switch"
}
2018-08-06 23:35:49,117 DEBUG [MQTT Call: VM_12345678] (MQTT.MainMQTTListener) Message published!
2018-08-06 23:35:50,293 DEBUG [MQTT Call: VM_12345678] (MQTT.MainMQTTListener) Message arrived at topic BM
2018-08-06 23:35:50,294 DEBUG [MQTT Call: VM_12345678] (MQTT.MainMQTTListener) Message is: 
{
"RID":"testnoprod2",
"CID":"0000",
"RTY":"register",
"name":"Moisture Sensor",
"roomID":"RJ2L",
"proplist":[
	{
	"ptype":"A2",
	"name":"Soil Moisture",
	"mode":"I",
	"index":0
	}
],
"icon":"switch"
}
2018-08-06 23:35:50,419 DEBUG [MQTT Call: VM_12345678] (MQTT.MainMQTTListener) Message published!
2018-08-06 23:37:19,256 DEBUG [MQTT Call: VM_12345678] (MQTT.MainMQTTListener) Message arrived at topic BM
2018-08-06 23:37:19,257 DEBUG [MQTT Call: VM_12345678] (MQTT.MainMQTTListener) Message is: 
{RID:'OH-POOP', CID:'XWP3',RTY:'poop',property:'0',value:'100'}
2018-08-06 23:37:19,292 DEBUG [MQTT Call: VM_12345678] (MQTT.MainMQTTListener) Message published!
2018-08-06 23:37:19,453 DEBUG [MQTT Call: VM_12345678] (MQTT.MainMQTTListener) Message arrived at topic BM
2018-08-06 23:37:19,453 DEBUG [MQTT Call: VM_12345678] (MQTT.MainMQTTListener) Message is: 
{RID:'OH-POOP', CID:'XWP3',RTY:'poop',property:'0',value:'100'}
2018-08-06 23:37:19,530 DEBUG [MQTT Call: VM_12345678] (MQTT.MainMQTTListener) Message published!
2018-08-06 23:37:26,034 DEBUG [MQTT Call: VM_12345678] (MQTT.MainMQTTListener) Message arrived at topic BM
2018-08-06 23:37:26,034 DEBUG [MQTT Call: VM_12345678] (MQTT.MainMQTTListener) Message is: 
{RID:'OH-POOP', CID:'XWP3',RTY:'poop',property:'0',value:'31'}
2018-08-06 23:37:26,186 DEBUG [MQTT Call: VM_12345678] (MQTT.MainMQTTListener) Message published!
2018-08-06 23:37:26,214 DEBUG [MQTT Call: VM_12345678] (MQTT.MainMQTTListener) Message published!
2018-08-06 23:37:26,237 DEBUG [MQTT Call: VM_12345678] (MQTT.MainMQTTListener) Message arrived at topic BM
2018-08-06 23:37:26,237 DEBUG [MQTT Call: VM_12345678] (MQTT.MainMQTTListener) Message is: 
{RID:'OH-POOP', CID:'XWP3',RTY:'poop',property:'0',value:'31'}
2018-08-06 23:37:26,266 DEBUG [MQTT Call: VM_12345678] (MQTT.MainMQTTListener) Message published!
2018-08-06 23:37:26,354 DEBUG [MQTT Call: VM_12345678] (MQTT.MainMQTTListener) Message published!
2018-08-06 23:37:36,547 DEBUG [MQTT Call: VM_12345678] (MQTT.MainMQTTListener) Message arrived at topic BM
2018-08-06 23:37:36,548 DEBUG [MQTT Call: VM_12345678] (MQTT.MainMQTTListener) Message is: 
{RID:'OH-POOP', CID:'G54Y',RTY:'poop',property:'1',value:'7'}
2018-08-06 23:37:36,615 DEBUG [MQTT Call: VM_12345678] (MQTT.MainMQTTListener) Message published!
2018-08-06 23:37:36,746 DEBUG [MQTT Call: VM_12345678] (MQTT.MainMQTTListener) Message arrived at topic BM
2018-08-06 23:37:36,747 DEBUG [MQTT Call: VM_12345678] (MQTT.MainMQTTListener) Message is: 
{RID:'OH-POOP', CID:'G54Y',RTY:'poop',property:'1',value:'7'}
2018-08-06 23:37:36,918 DEBUG [MQTT Call: VM_12345678] (MQTT.MainMQTTListener) Message published!
2018-08-06 23:37:37,384 DEBUG [MQTT Call: VM_12345678] (MQTT.MainMQTTListener) Message arrived at topic BM
2018-08-06 23:37:37,384 DEBUG [MQTT Call: VM_12345678] (MQTT.MainMQTTListener) Message is: 
{RID:'OH-POOP', CID:'G54Y',RTY:'poop',property:'0',value:'0'}
2018-08-06 23:37:37,466 DEBUG [MQTT Call: VM_12345678] (MQTT.MainMQTTListener) Message published!
2018-08-06 23:37:39,706 DEBUG [MQTT Call: VM_12345678] (MQTT.MainMQTTListener) Message arrived at topic BM
2018-08-06 23:37:39,706 DEBUG [MQTT Call: VM_12345678] (MQTT.MainMQTTListener) Message is: 
{RID:'OH-POOP', CID:'XWP3',RTY:'poop',property:'0',value:'84'}
2018-08-06 23:37:39,781 DEBUG [MQTT Call: VM_12345678] (MQTT.MainMQTTListener) Message published!
2018-08-06 23:37:39,906 DEBUG [MQTT Call: VM_12345678] (MQTT.MainMQTTListener) Message arrived at topic BM
2018-08-06 23:37:39,906 DEBUG [MQTT Call: VM_12345678] (MQTT.MainMQTTListener) Message is: 
{RID:'OH-POOP', CID:'XWP3',RTY:'poop',property:'0',value:'84'}
2018-08-06 23:37:40,044 DEBUG [MQTT Call: VM_12345678] (MQTT.MainMQTTListener) Message published!
2018-08-06 23:37:42,752 DEBUG [MQTT Call: VM_12345678] (MQTT.MainMQTTListener) Message arrived at topic BM
2018-08-06 23:37:42,752 DEBUG [MQTT Call: VM_12345678] (MQTT.MainMQTTListener) Message is: 
{RID:'OH-POOP', CID:'G54Y',RTY:'poop',property:'1',value:'33'}
2018-08-06 23:37:42,779 DEBUG [MQTT Call: VM_12345678] (MQTT.MainMQTTListener) Message published!
2018-08-06 23:37:42,950 DEBUG [MQTT Call: VM_12345678] (MQTT.MainMQTTListener) Message arrived at topic BM
2018-08-06 23:37:42,950 DEBUG [MQTT Call: VM_12345678] (MQTT.MainMQTTListener) Message is: 
{RID:'OH-POOP', CID:'G54Y',RTY:'poop',property:'1',value:'33'}
2018-08-06 23:37:42,980 DEBUG [MQTT Call: VM_12345678] (MQTT.MainMQTTListener) Message published!
2018-08-06 23:37:45,772 DEBUG [MQTT Call: VM_12345678] (MQTT.MainMQTTListener) Message arrived at topic BM
2018-08-06 23:37:45,773 DEBUG [MQTT Call: VM_12345678] (MQTT.MainMQTTListener) Message is: 
{RID:'OH-POOP', CID:'XWP3',RTY:'poop',property:'0',value:'80'}
2018-08-06 23:37:45,787 DEBUG [MQTT Call: VM_12345678] (MQTT.MainMQTTListener) Message published!
2018-08-06 23:37:45,972 DEBUG [MQTT Call: VM_12345678] (MQTT.MainMQTTListener) Message arrived at topic BM
2018-08-06 23:37:45,972 DEBUG [MQTT Call: VM_12345678] (MQTT.MainMQTTListener) Message is: 
{RID:'OH-POOP', CID:'XWP3',RTY:'poop',property:'0',value:'80'}
2018-08-06 23:37:46,108 DEBUG [MQTT Call: VM_12345678] (MQTT.MainMQTTListener) Message published!
2018-08-06 23:37:52,713 DEBUG [MQTT Call: VM_12345678] (MQTT.MainMQTTListener) Message arrived at topic BM
2018-08-06 23:37:52,713 DEBUG [MQTT Call: VM_12345678] (MQTT.MainMQTTListener) Message is: 
{RID:'OH-POOP', CID:'XWP3',RTY:'poop',property:'0',value:'0'}
2018-08-06 23:37:52,742 DEBUG [MQTT Call: VM_12345678] (MQTT.MainMQTTListener) Message published!
2018-08-06 23:37:52,824 DEBUG [MQTT Call: VM_12345678] (MQTT.MainMQTTListener) Message published!
2018-08-06 23:37:52,852 DEBUG [MQTT Call: VM_12345678] (MQTT.MainMQTTListener) Message published!
2018-08-06 23:37:52,986 DEBUG [MQTT Call: VM_12345678] (MQTT.MainMQTTListener) Message arrived at topic BM
2018-08-06 23:37:52,986 DEBUG [MQTT Call: VM_12345678] (MQTT.MainMQTTListener) Message is: 
{RID:'OH-POOP', CID:'XWP3',RTY:'poop',property:'0',value:'0'}
2018-08-06 23:37:53,072 DEBUG [MQTT Call: VM_12345678] (MQTT.MainMQTTListener) Message published!
2018-08-06 23:38:41,784 DEBUG [MQTT Call: VM_12345678] (MQTT.MainMQTTListener) Message arrived at topic BM
2018-08-06 23:38:41,785 DEBUG [MQTT Call: VM_12345678] (MQTT.MainMQTTListener) Message is: 
{
RID:"testmac",
CID:"XWP3",
RTY:"detach"
}
2018-08-06 23:38:50,891 DEBUG [MQTT Call: VM_12345678] (MQTT.MainMQTTListener) Message arrived at topic BM
2018-08-06 23:38:50,892 DEBUG [MQTT Call: VM_12345678] (MQTT.MainMQTTListener) Message is: 
{
RID:"testmac",
CID:"G54Y",
RTY:"detach"
}
