2018-07-26 15:31:48,271 INFO  [restartedMain] (CIR.CIR-FileEngine) FileEngine for file 'rules.cir' started!
2018-07-26 15:31:48,289 INFO  [restartedMain] (CIR.CIRManager) CIRManager started!
2018-07-26 15:31:49,573 DEBUG [restartedMain] (CIR.CIRManager) Updating CIR...
2018-07-26 15:31:49,586 DEBUG [restartedMain] (CIR.CIRManager) CIR updated!
2018-07-26 15:31:49,989 DEBUG [CIRManager] (CIR.CIRManager) Updating CIR...
2018-07-26 15:31:50,123 DEBUG [CIRManager] (CIR.CIRManager) CIR updated!
2018-07-26 15:31:50,124 DEBUG [CIRManager] (CIR.CIRManager) Property D6N7_1 changed value. Checking CIR...
2018-07-26 15:31:50,124 DEBUG [CIRManager] (CIR.CIRManager) No rules found!
2018-07-26 15:31:50,124 DEBUG [CIRManager] (CIR.CIRManager) Updating CIR...
2018-07-26 15:31:50,185 DEBUG [CIRManager] (CIR.CIRManager) CIR updated!
2018-07-26 15:31:50,196 DEBUG [CIRManager] (CIR.CIRManager) Property C3I4_1 changed value. Checking CIR...
2018-07-26 15:31:50,198 DEBUG [CIRManager] (CIR.CIRManager) No rules found!
2018-07-26 15:31:50,202 DEBUG [CIRManager] (CIR.CIRManager) Updating CIR...
2018-07-26 15:31:50,566 DEBUG [CIRManager] (CIR.CIRManager) CIR updated!
2018-07-26 15:31:50,566 DEBUG [CIRManager] (CIR.CIRManager) Property C3I4_2 changed value. Checking CIR...
2018-07-26 15:31:50,566 DEBUG [CIRManager] (CIR.CIRManager) No rules found!
2018-07-26 15:31:50,566 DEBUG [CIRManager] (CIR.CIRManager) Updating CIR...
2018-07-26 15:31:50,566 DEBUG [CIRManager] (CIR.CIRManager) CIR updated!
2018-07-26 15:31:50,566 DEBUG [CIRManager] (CIR.CIRManager) Property C3I4_3 changed value. Checking CIR...
2018-07-26 15:31:50,566 DEBUG [CIRManager] (CIR.CIRManager) No rules found!
2018-07-26 15:31:50,567 DEBUG [CIRManager] (CIR.CIRManager) Updating CIR...
2018-07-26 15:31:50,567 DEBUG [CIRManager] (CIR.CIRManager) CIR updated!
2018-07-26 15:31:50,567 DEBUG [CIRManager] (CIR.CIRManager) Property C3I4_4 changed value. Checking CIR...
2018-07-26 15:31:50,567 DEBUG [CIRManager] (CIR.CIRManager) No rules found!
2018-07-26 15:31:50,567 DEBUG [CIRManager] (CIR.CIRManager) Updating CIR...
2018-07-26 15:31:50,568 DEBUG [CIRManager] (CIR.CIRManager) CIR updated!
2018-07-26 15:31:50,568 DEBUG [CIRManager] (CIR.CIRManager) Property C3I4_5 changed value. Checking CIR...
2018-07-26 15:31:50,568 DEBUG [CIRManager] (CIR.CIRManager) No rules found!
2018-07-26 15:31:50,568 DEBUG [CIRManager] (CIR.CIRManager) Updating CIR...
2018-07-26 15:31:50,568 DEBUG [CIRManager] (CIR.CIRManager) CIR updated!
2018-07-26 15:31:50,569 DEBUG [CIRManager] (CIR.CIRManager) Property C3I4_6 changed value. Checking CIR...
2018-07-26 15:31:50,569 DEBUG [CIRManager] (CIR.CIRManager) No rules found!
2018-07-26 15:31:50,569 DEBUG [CIRManager] (CIR.CIRManager) Updating CIR...
2018-07-26 15:31:50,569 DEBUG [CIRManager] (CIR.CIRManager) CIR updated!
2018-07-26 15:31:50,569 DEBUG [CIRManager] (CIR.CIRManager) Property C3I4_7 changed value. Checking CIR...
2018-07-26 15:31:50,569 DEBUG [CIRManager] (CIR.CIRManager) No rules found!
2018-07-26 15:31:50,569 DEBUG [CIRManager] (CIR.CIRManager) Updating CIR...
2018-07-26 15:31:50,570 DEBUG [CIRManager] (CIR.CIRManager) CIR updated!
2018-07-26 15:31:50,570 DEBUG [CIRManager] (CIR.CIRManager) Property C3I4_8 changed value. Checking CIR...
2018-07-26 15:31:50,570 DEBUG [CIRManager] (CIR.CIRManager) No rules found!
2018-07-26 15:31:50,570 DEBUG [CIRManager] (CIR.CIRManager) Updating CIR...
2018-07-26 15:31:50,570 DEBUG [CIRManager] (CIR.CIRManager) CIR updated!
2018-07-26 15:31:50,570 DEBUG [CIRManager] (CIR.CIRManager) Property C3I4_9 changed value. Checking CIR...
2018-07-26 15:31:50,570 DEBUG [CIRManager] (CIR.CIRManager) No rules found!
