2018-05-31 16:43:56,366 INFO  [restartedMain] (OH.OH-SitemapFileEngine) FileEngine for file 'home.sitemap' started!
2018-05-31 16:43:56,422 INFO  [restartedMain] (OH.OH_DBEngine) OH_DBEngine started @ URL: jdbc:derby://localhost:1527/OH
2018-05-31 16:43:56,600 INFO  [restartedMain] (OH.OH-RulesFileEngine) FileEngine for file 'home.rules' started!
2018-05-31 16:43:58,593 DEBUG [restartedMain] (OH.Initializer) Clearing OpenHAB sitemap...
2018-05-31 16:43:58,633 INFO  [restartedMain] (OH.Initializer) Updating OpenHAB item registry...
2018-05-31 16:43:58,639 DEBUG [restartedMain] (OH.Initializer) Updating device J6L0(Main Room Light)
2018-05-31 16:43:58,639 DEBUG [restartedMain] (OH.Initializer) Updating device property J6L0_0001(Switch)
2018-05-31 16:43:58,740 DEBUG [restartedMain] (OH.J6L0_0001) Creating property J6L0_0001 in OHAdaptor...
2018-05-31 16:43:58,742 DEBUG [restartedMain] (OH.J6L0_0001) Property J6L0_0001 created!
2018-05-31 16:43:58,742 DEBUG [restartedMain] (OH.J6L0_0001) Updating value of property J6L0_0001 in DBAdaptor...
2018-05-31 16:43:58,743 DEBUG [restartedMain] (OH.J6L0_0001) Property J6L0_0001 updated!
2018-05-31 16:43:58,743 DEBUG [restartedMain] (OH.J6L0_0001) Updating value of property J6L0_0001 in OHAdaptor...
2018-05-31 16:43:58,746 DEBUG [restartedMain] (OH.J6L0_0001) Property J6L0_0001 updated!
2018-05-31 16:43:58,746 DEBUG [restartedMain] (OH.Initializer) Updating device OJ7S(RGB)
2018-05-31 16:43:58,892 DEBUG [restartedMain] (OH.Initializer) Updating device property OJ7S_0029(Off)
2018-05-31 16:43:58,892 DEBUG [restartedMain] (OH.OJ7S_0029) Creating property OJ7S_0029 in OHAdaptor...
2018-05-31 16:43:58,893 DEBUG [restartedMain] (OH.OJ7S_0029) Property OJ7S_0029 created!
2018-05-31 16:43:58,893 DEBUG [restartedMain] (OH.OJ7S_0029) Updating value of property OJ7S_0029 in DBAdaptor...
2018-05-31 16:43:58,893 DEBUG [restartedMain] (OH.OJ7S_0029) Property OJ7S_0029 updated!
2018-05-31 16:43:58,893 DEBUG [restartedMain] (OH.OJ7S_0029) Updating value of property OJ7S_0029 in OHAdaptor...
2018-05-31 16:43:58,977 DEBUG [restartedMain] (OH.OJ7S_0029) Property OJ7S_0029 updated!
2018-05-31 16:43:58,978 DEBUG [restartedMain] (OH.Initializer) Updating device property OJ7S_0024(Timer(Mins))
2018-05-31 16:43:58,979 DEBUG [restartedMain] (OH.OJ7S_0024) Creating property OJ7S_0024 in OHAdaptor...
2018-05-31 16:43:58,979 DEBUG [restartedMain] (OH.OJ7S_0024) Property OJ7S_0024 created!
2018-05-31 16:43:58,979 DEBUG [restartedMain] (OH.OJ7S_0024) Updating value of property OJ7S_0024 in DBAdaptor...
2018-05-31 16:43:58,979 DEBUG [restartedMain] (OH.OJ7S_0024) Property OJ7S_0024 updated!
2018-05-31 16:43:58,979 DEBUG [restartedMain] (OH.OJ7S_0024) Updating value of property OJ7S_0024 in OHAdaptor...
2018-05-31 16:43:58,979 DEBUG [restartedMain] (OH.OJ7S_0024) Property OJ7S_0024 updated!
2018-05-31 16:43:58,980 DEBUG [restartedMain] (OH.Initializer) Updating device property OJ7S_0002(Orange)
2018-05-31 16:43:58,980 DEBUG [restartedMain] (OH.OJ7S_0002) Creating property OJ7S_0002 in OHAdaptor...
2018-05-31 16:43:58,980 DEBUG [restartedMain] (OH.OJ7S_0002) Property OJ7S_0002 created!
2018-05-31 16:43:58,980 DEBUG [restartedMain] (OH.OJ7S_0002) Updating value of property OJ7S_0002 in DBAdaptor...
2018-05-31 16:43:58,981 DEBUG [restartedMain] (OH.OJ7S_0002) Property OJ7S_0002 updated!
2018-05-31 16:43:58,981 DEBUG [restartedMain] (OH.OJ7S_0002) Updating value of property OJ7S_0002 in OHAdaptor...
2018-05-31 16:43:58,981 DEBUG [restartedMain] (OH.OJ7S_0002) Property OJ7S_0002 updated!
2018-05-31 16:43:58,981 DEBUG [restartedMain] (OH.Initializer) Updating device property OJ7S_0003(brightness)
2018-05-31 16:43:58,981 DEBUG [restartedMain] (OH.OJ7S_0003) Creating property OJ7S_0003 in OHAdaptor...
2018-05-31 16:43:58,982 DEBUG [restartedMain] (OH.OJ7S_0003) Property OJ7S_0003 created!
2018-05-31 16:43:58,984 DEBUG [restartedMain] (OH.OJ7S_0003) Updating value of property OJ7S_0003 in DBAdaptor...
2018-05-31 16:43:58,984 DEBUG [restartedMain] (OH.OJ7S_0003) Property OJ7S_0003 updated!
2018-05-31 16:43:58,984 DEBUG [restartedMain] (OH.OJ7S_0003) Updating value of property OJ7S_0003 in OHAdaptor...
2018-05-31 16:43:58,984 DEBUG [restartedMain] (OH.OJ7S_0003) Property OJ7S_0003 updated!
2018-05-31 16:43:58,984 DEBUG [restartedMain] (OH.Initializer) Updating device property OJ7S_0022(Blue)
2018-05-31 16:43:58,984 DEBUG [restartedMain] (OH.OJ7S_0022) Creating property OJ7S_0022 in OHAdaptor...
2018-05-31 16:43:58,985 DEBUG [restartedMain] (OH.OJ7S_0022) Property OJ7S_0022 created!
2018-05-31 16:43:58,985 DEBUG [restartedMain] (OH.OJ7S_0022) Updating value of property OJ7S_0022 in DBAdaptor...
2018-05-31 16:43:58,985 DEBUG [restartedMain] (OH.OJ7S_0022) Property OJ7S_0022 updated!
2018-05-31 16:43:58,985 DEBUG [restartedMain] (OH.OJ7S_0022) Updating value of property OJ7S_0022 in OHAdaptor...
2018-05-31 16:43:58,985 DEBUG [restartedMain] (OH.OJ7S_0022) Property OJ7S_0022 updated!
2018-05-31 16:43:58,985 DEBUG [restartedMain] (OH.Initializer) Updating device property OJ7S_0023(StartTimer)
2018-05-31 16:43:58,985 DEBUG [restartedMain] (OH.OJ7S_0023) Creating property OJ7S_0023 in OHAdaptor...
2018-05-31 16:43:58,985 DEBUG [restartedMain] (OH.OJ7S_0023) Property OJ7S_0023 created!
2018-05-31 16:43:58,985 DEBUG [restartedMain] (OH.OJ7S_0023) Updating value of property OJ7S_0023 in DBAdaptor...
2018-05-31 16:43:58,985 DEBUG [restartedMain] (OH.OJ7S_0023) Property OJ7S_0023 updated!
2018-05-31 16:43:58,986 DEBUG [restartedMain] (OH.OJ7S_0023) Updating value of property OJ7S_0023 in OHAdaptor...
2018-05-31 16:43:58,986 DEBUG [restartedMain] (OH.OJ7S_0023) Property OJ7S_0023 updated!
2018-05-31 16:43:58,986 DEBUG [restartedMain] (OH.Initializer) Updating device property OJ7S_0020(Red)
2018-05-31 16:43:58,986 DEBUG [restartedMain] (OH.OJ7S_0020) Creating property OJ7S_0020 in OHAdaptor...
2018-05-31 16:43:58,986 DEBUG [restartedMain] (OH.OJ7S_0020) Property OJ7S_0020 created!
2018-05-31 16:43:58,986 DEBUG [restartedMain] (OH.OJ7S_0020) Updating value of property OJ7S_0020 in DBAdaptor...
2018-05-31 16:43:58,987 DEBUG [restartedMain] (OH.OJ7S_0020) Property OJ7S_0020 updated!
2018-05-31 16:43:58,987 DEBUG [restartedMain] (OH.OJ7S_0020) Updating value of property OJ7S_0020 in OHAdaptor...
2018-05-31 16:43:58,987 DEBUG [restartedMain] (OH.OJ7S_0020) Property OJ7S_0020 updated!
2018-05-31 16:43:58,987 DEBUG [restartedMain] (OH.Initializer) Updating device property OJ7S_0021(Green)
2018-05-31 16:43:58,988 DEBUG [restartedMain] (OH.OJ7S_0021) Creating property OJ7S_0021 in OHAdaptor...
2018-05-31 16:43:58,990 DEBUG [restartedMain] (OH.OJ7S_0021) Property OJ7S_0021 created!
2018-05-31 16:43:58,990 DEBUG [restartedMain] (OH.OJ7S_0021) Updating value of property OJ7S_0021 in DBAdaptor...
2018-05-31 16:43:58,990 DEBUG [restartedMain] (OH.OJ7S_0021) Property OJ7S_0021 updated!
2018-05-31 16:43:58,990 DEBUG [restartedMain] (OH.OJ7S_0021) Updating value of property OJ7S_0021 in OHAdaptor...
2018-05-31 16:43:58,992 DEBUG [restartedMain] (OH.OJ7S_0021) Property OJ7S_0021 updated!
2018-05-31 16:43:58,992 DEBUG [restartedMain] (OH.Initializer) Updating device property OJ7S_0019(Warm White)
2018-05-31 16:43:58,992 DEBUG [restartedMain] (OH.OJ7S_0019) Creating property OJ7S_0019 in OHAdaptor...
2018-05-31 16:43:58,993 DEBUG [restartedMain] (OH.OJ7S_0019) Property OJ7S_0019 created!
2018-05-31 16:43:58,993 DEBUG [restartedMain] (OH.OJ7S_0019) Updating value of property OJ7S_0019 in DBAdaptor...
2018-05-31 16:43:58,993 DEBUG [restartedMain] (OH.OJ7S_0019) Property OJ7S_0019 updated!
2018-05-31 16:43:58,993 DEBUG [restartedMain] (OH.OJ7S_0019) Updating value of property OJ7S_0019 in OHAdaptor...
2018-05-31 16:43:58,993 DEBUG [restartedMain] (OH.OJ7S_0019) Property OJ7S_0019 updated!
2018-05-31 16:43:58,993 DEBUG [restartedMain] (OH.Initializer) Updating device C3K3(TestComponent1)
2018-05-31 16:43:58,993 DEBUG [restartedMain] (OH.Initializer) Updating device property C3K3_0001(Switch)
2018-05-31 16:43:58,993 DEBUG [restartedMain] (OH.C3K3_0001) Creating property C3K3_0001 in OHAdaptor...
2018-05-31 16:43:58,994 DEBUG [restartedMain] (OH.C3K3_0001) Property C3K3_0001 created!
2018-05-31 16:43:58,994 DEBUG [restartedMain] (OH.C3K3_0001) Updating value of property C3K3_0001 in DBAdaptor...
2018-05-31 16:43:58,994 DEBUG [restartedMain] (OH.C3K3_0001) Property C3K3_0001 updated!
2018-05-31 16:43:58,994 DEBUG [restartedMain] (OH.C3K3_0001) Updating value of property C3K3_0001 in OHAdaptor...
2018-05-31 16:43:58,994 DEBUG [restartedMain] (OH.C3K3_0001) Property C3K3_0001 updated!
2018-05-31 16:43:59,574 DEBUG [restartedMain] (OH.Initializer) Clearing OpenHAB sitemap...
2018-05-31 16:43:59,631 INFO  [restartedMain] (OH.Initializer) Updating OpenHAB item registry...
2018-05-31 16:43:59,631 DEBUG [restartedMain] (OH.Initializer) Updating device J6L0(Main Room Light)
2018-05-31 16:43:59,632 DEBUG [restartedMain] (OH.Initializer) Updating device property J6L0_0001(Switch)
2018-05-31 16:43:59,632 DEBUG [restartedMain] (OH.J6L0_0001) Creating property J6L0_0001 in OHAdaptor...
2018-05-31 16:43:59,632 DEBUG [restartedMain] (OH.J6L0_0001) Property J6L0_0001 created!
2018-05-31 16:43:59,632 DEBUG [restartedMain] (OH.J6L0_0001) Updating value of property J6L0_0001 in DBAdaptor...
2018-05-31 16:43:59,632 DEBUG [restartedMain] (OH.J6L0_0001) Property J6L0_0001 updated!
2018-05-31 16:43:59,632 DEBUG [restartedMain] (OH.J6L0_0001) Updating value of property J6L0_0001 in OHAdaptor...
2018-05-31 16:43:59,632 DEBUG [restartedMain] (OH.J6L0_0001) Property J6L0_0001 updated!
2018-05-31 16:43:59,632 DEBUG [restartedMain] (OH.Initializer) Updating device OJ7S(RGB)
2018-05-31 16:43:59,632 DEBUG [restartedMain] (OH.Initializer) Updating device property OJ7S_0029(Off)
2018-05-31 16:43:59,632 DEBUG [restartedMain] (OH.OJ7S_0029) Creating property OJ7S_0029 in OHAdaptor...
2018-05-31 16:43:59,633 DEBUG [restartedMain] (OH.OJ7S_0029) Property OJ7S_0029 created!
2018-05-31 16:43:59,633 DEBUG [restartedMain] (OH.OJ7S_0029) Updating value of property OJ7S_0029 in DBAdaptor...
2018-05-31 16:43:59,633 DEBUG [restartedMain] (OH.OJ7S_0029) Property OJ7S_0029 updated!
2018-05-31 16:43:59,633 DEBUG [restartedMain] (OH.OJ7S_0029) Updating value of property OJ7S_0029 in OHAdaptor...
2018-05-31 16:43:59,633 DEBUG [restartedMain] (OH.OJ7S_0029) Property OJ7S_0029 updated!
2018-05-31 16:43:59,633 DEBUG [restartedMain] (OH.Initializer) Updating device property OJ7S_0024(Timer(Mins))
2018-05-31 16:43:59,633 DEBUG [restartedMain] (OH.OJ7S_0024) Creating property OJ7S_0024 in OHAdaptor...
2018-05-31 16:43:59,633 DEBUG [restartedMain] (OH.OJ7S_0024) Property OJ7S_0024 created!
2018-05-31 16:43:59,633 DEBUG [restartedMain] (OH.OJ7S_0024) Updating value of property OJ7S_0024 in DBAdaptor...
2018-05-31 16:43:59,633 DEBUG [restartedMain] (OH.OJ7S_0024) Property OJ7S_0024 updated!
2018-05-31 16:43:59,633 DEBUG [restartedMain] (OH.OJ7S_0024) Updating value of property OJ7S_0024 in OHAdaptor...
2018-05-31 16:43:59,633 DEBUG [restartedMain] (OH.OJ7S_0024) Property OJ7S_0024 updated!
2018-05-31 16:43:59,633 DEBUG [restartedMain] (OH.Initializer) Updating device property OJ7S_0002(Orange)
2018-05-31 16:43:59,634 DEBUG [restartedMain] (OH.OJ7S_0002) Creating property OJ7S_0002 in OHAdaptor...
2018-05-31 16:43:59,634 DEBUG [restartedMain] (OH.OJ7S_0002) Property OJ7S_0002 created!
2018-05-31 16:43:59,634 DEBUG [restartedMain] (OH.OJ7S_0002) Updating value of property OJ7S_0002 in DBAdaptor...
2018-05-31 16:43:59,634 DEBUG [restartedMain] (OH.OJ7S_0002) Property OJ7S_0002 updated!
2018-05-31 16:43:59,634 DEBUG [restartedMain] (OH.OJ7S_0002) Updating value of property OJ7S_0002 in OHAdaptor...
2018-05-31 16:43:59,634 DEBUG [restartedMain] (OH.OJ7S_0002) Property OJ7S_0002 updated!
2018-05-31 16:43:59,634 DEBUG [restartedMain] (OH.Initializer) Updating device property OJ7S_0003(brightness)
2018-05-31 16:43:59,634 DEBUG [restartedMain] (OH.OJ7S_0003) Creating property OJ7S_0003 in OHAdaptor...
2018-05-31 16:43:59,634 DEBUG [restartedMain] (OH.OJ7S_0003) Property OJ7S_0003 created!
2018-05-31 16:43:59,634 DEBUG [restartedMain] (OH.OJ7S_0003) Updating value of property OJ7S_0003 in DBAdaptor...
2018-05-31 16:43:59,634 DEBUG [restartedMain] (OH.OJ7S_0003) Property OJ7S_0003 updated!
2018-05-31 16:43:59,634 DEBUG [restartedMain] (OH.OJ7S_0003) Updating value of property OJ7S_0003 in OHAdaptor...
2018-05-31 16:43:59,634 DEBUG [restartedMain] (OH.OJ7S_0003) Property OJ7S_0003 updated!
2018-05-31 16:43:59,635 DEBUG [restartedMain] (OH.Initializer) Updating device property OJ7S_0022(Blue)
2018-05-31 16:43:59,635 DEBUG [restartedMain] (OH.OJ7S_0022) Creating property OJ7S_0022 in OHAdaptor...
2018-05-31 16:43:59,635 DEBUG [restartedMain] (OH.OJ7S_0022) Property OJ7S_0022 created!
2018-05-31 16:43:59,635 DEBUG [restartedMain] (OH.OJ7S_0022) Updating value of property OJ7S_0022 in DBAdaptor...
2018-05-31 16:43:59,635 DEBUG [restartedMain] (OH.OJ7S_0022) Property OJ7S_0022 updated!
2018-05-31 16:43:59,635 DEBUG [restartedMain] (OH.OJ7S_0022) Updating value of property OJ7S_0022 in OHAdaptor...
2018-05-31 16:43:59,635 DEBUG [restartedMain] (OH.OJ7S_0022) Property OJ7S_0022 updated!
2018-05-31 16:43:59,635 DEBUG [restartedMain] (OH.Initializer) Updating device property OJ7S_0023(StartTimer)
2018-05-31 16:43:59,635 DEBUG [restartedMain] (OH.OJ7S_0023) Creating property OJ7S_0023 in OHAdaptor...
2018-05-31 16:43:59,635 DEBUG [restartedMain] (OH.OJ7S_0023) Property OJ7S_0023 created!
2018-05-31 16:43:59,635 DEBUG [restartedMain] (OH.OJ7S_0023) Updating value of property OJ7S_0023 in DBAdaptor...
2018-05-31 16:43:59,635 DEBUG [restartedMain] (OH.OJ7S_0023) Property OJ7S_0023 updated!
2018-05-31 16:43:59,635 DEBUG [restartedMain] (OH.OJ7S_0023) Updating value of property OJ7S_0023 in OHAdaptor...
2018-05-31 16:43:59,635 DEBUG [restartedMain] (OH.OJ7S_0023) Property OJ7S_0023 updated!
2018-05-31 16:43:59,635 DEBUG [restartedMain] (OH.Initializer) Updating device property OJ7S_0020(Red)
2018-05-31 16:43:59,636 DEBUG [restartedMain] (OH.OJ7S_0020) Creating property OJ7S_0020 in OHAdaptor...
2018-05-31 16:43:59,636 DEBUG [restartedMain] (OH.OJ7S_0020) Property OJ7S_0020 created!
2018-05-31 16:43:59,636 DEBUG [restartedMain] (OH.OJ7S_0020) Updating value of property OJ7S_0020 in DBAdaptor...
2018-05-31 16:43:59,636 DEBUG [restartedMain] (OH.OJ7S_0020) Property OJ7S_0020 updated!
2018-05-31 16:43:59,636 DEBUG [restartedMain] (OH.OJ7S_0020) Updating value of property OJ7S_0020 in OHAdaptor...
2018-05-31 16:43:59,636 DEBUG [restartedMain] (OH.OJ7S_0020) Property OJ7S_0020 updated!
2018-05-31 16:43:59,636 DEBUG [restartedMain] (OH.Initializer) Updating device property OJ7S_0021(Green)
2018-05-31 16:43:59,636 DEBUG [restartedMain] (OH.OJ7S_0021) Creating property OJ7S_0021 in OHAdaptor...
2018-05-31 16:43:59,636 DEBUG [restartedMain] (OH.OJ7S_0021) Property OJ7S_0021 created!
2018-05-31 16:43:59,636 DEBUG [restartedMain] (OH.OJ7S_0021) Updating value of property OJ7S_0021 in DBAdaptor...
2018-05-31 16:43:59,636 DEBUG [restartedMain] (OH.OJ7S_0021) Property OJ7S_0021 updated!
2018-05-31 16:43:59,636 DEBUG [restartedMain] (OH.OJ7S_0021) Updating value of property OJ7S_0021 in OHAdaptor...
2018-05-31 16:43:59,636 DEBUG [restartedMain] (OH.OJ7S_0021) Property OJ7S_0021 updated!
2018-05-31 16:43:59,637 DEBUG [restartedMain] (OH.Initializer) Updating device property OJ7S_0019(Warm White)
2018-05-31 16:43:59,637 DEBUG [restartedMain] (OH.OJ7S_0019) Creating property OJ7S_0019 in OHAdaptor...
2018-05-31 16:43:59,637 DEBUG [restartedMain] (OH.OJ7S_0019) Property OJ7S_0019 created!
2018-05-31 16:43:59,637 DEBUG [restartedMain] (OH.OJ7S_0019) Updating value of property OJ7S_0019 in DBAdaptor...
2018-05-31 16:43:59,637 DEBUG [restartedMain] (OH.OJ7S_0019) Property OJ7S_0019 updated!
2018-05-31 16:43:59,637 DEBUG [restartedMain] (OH.OJ7S_0019) Updating value of property OJ7S_0019 in OHAdaptor...
2018-05-31 16:43:59,637 DEBUG [restartedMain] (OH.OJ7S_0019) Property OJ7S_0019 updated!
2018-05-31 16:43:59,637 DEBUG [restartedMain] (OH.Initializer) Updating device C3K3(TestComponent1)
2018-05-31 16:43:59,637 DEBUG [restartedMain] (OH.Initializer) Updating device property C3K3_0001(Switch)
2018-05-31 16:43:59,637 DEBUG [restartedMain] (OH.C3K3_0001) Creating property C3K3_0001 in OHAdaptor...
2018-05-31 16:43:59,637 DEBUG [restartedMain] (OH.C3K3_0001) Property C3K3_0001 created!
2018-05-31 16:43:59,638 DEBUG [restartedMain] (OH.C3K3_0001) Updating value of property C3K3_0001 in DBAdaptor...
2018-05-31 16:43:59,638 DEBUG [restartedMain] (OH.C3K3_0001) Property C3K3_0001 updated!
2018-05-31 16:43:59,638 DEBUG [restartedMain] (OH.C3K3_0001) Updating value of property C3K3_0001 in OHAdaptor...
2018-05-31 16:43:59,638 DEBUG [restartedMain] (OH.C3K3_0001) Property C3K3_0001 updated!
