2018-03-24 21:11:26,013 INFO  [main] (MAIN.BusinessMachine) Starting BusinessMaestro... 
2018-03-24 21:11:27,299 INFO  [main] (MAIN.UserPropertyManager) UserPropertyManager started!
2018-03-24 21:11:27,333 INFO  [main] (OH.OH-SitemapFileEngine) FileEngine for file 'home.sitemap' started!
2018-03-24 21:11:27,475 INFO  [main] (DB.MainDBEngine) MainDBEngine started @ URL: jdbc:derby://localhost:1527/DB
2018-03-24 21:11:27,520 INFO  [main] (MainHTTPSender.MAIN) MainHTTPSender started!
2018-03-24 21:11:27,600 INFO  [main] (MAIN.Controller) Controller started!
2018-03-24 21:11:27,620 INFO  [main] (MAIN.ModuleDispatcher) ModuleDispatcher started!
2018-03-24 21:11:27,636 INFO  [main] (OH.OH_DBEngine) OH_DBEngine started @ URL: jdbc:derby://localhost:1527/OH
2018-03-24 21:11:27,639 INFO  [main] (OH.OH-RulesFileEngine) FileEngine for file 'home.rules' started!
2018-03-24 21:11:27,642 INFO  [main] (CIR.CIR-FileEngine) FileEngine for file 'rules.cir' started!
2018-03-24 21:11:27,645 INFO  [main] (MAIN.PropertiesFileEngine) FileEngine for file 'bm.properties' started!
2018-03-24 21:11:27,699 INFO  [main] (MainMQTTPublisher.MQTT) MainMQTTPublisher started!
2018-03-24 21:11:27,775 INFO  [main] (MQTT.MQTTClient) Connected to MQTT!
2018-03-24 21:11:27,777 DEBUG [main] (MQTT.MQTTClient) Subscribed to BM topic!
2018-03-24 21:11:27,777 DEBUG [main] (MQTT.MQTTClient) Listener set!
2018-03-24 21:11:27,777 DEBUG [main] (MQTT.MQTTClient) Publisher set!
2018-03-24 21:11:27,842 INFO  [main] (CIR.CIRRepository) CIRRepository started!
2018-03-24 21:11:28,178 DEBUG [main] (MAIN.Initializables) Initializing oh.main.initializables.OH_Initializer
2018-03-24 21:11:28,183 DEBUG [main] (OH.Initializer) Clearing OpenHAB sitemap...
2018-03-24 21:11:28,195 INFO  [main] (OH.Initializer) Updating OpenHAB item registry...
2018-03-24 21:11:28,195 DEBUG [main] (MAIN.BusinessMachine) Initializing repositories...
2018-03-24 21:11:28,195 INFO  [main] (MAIN.RoomRepository) Retrieving rooms from DB...
2018-03-24 21:11:28,218 DEBUG [main] (MAIN.RoomRepository) Adding room J444 (Kitchen) to repository!
2018-03-24 21:11:28,219 DEBUG [main] (MAIN.RoomRepository) Adding room U7YY (Dining Area) to repository!
2018-03-24 21:11:28,219 DEBUG [main] (MAIN.RoomRepository) Adding room DKF5 (Salas) to repository!
2018-03-24 21:11:28,219 DEBUG [main] (MAIN.RoomRepository) Adding room CRL0 (Kuya's Bedroom) to repository!
2018-03-24 21:11:28,219 DEBUG [main] (MAIN.RoomRepository) Adding room XKWG (2nd Floor) to repository!
2018-03-24 21:11:28,219 DEBUG [main] (MAIN.RoomRepository) Adding room GD32 (Lanai) to repository!
2018-03-24 21:11:28,221 DEBUG [main] (MAIN.RoomRepository) Room retrieval complete!
2018-03-24 21:11:28,221 DEBUG [main] (MAIN.RoomRepository) Updating OpenHAB item registry!
2018-03-24 21:11:28,221 DEBUG [main] (MAIN.Room:J444) Persisting room J444 (Kitchen)
2018-03-24 21:11:28,222 DEBUG [main] (MAIN.Room:XKWG) Persisting room XKWG (2nd Floor)
2018-03-24 21:11:28,223 DEBUG [main] (MAIN.Room:CRL0) Persisting room CRL0 (Kuya's Bedroom)
2018-03-24 21:11:28,226 DEBUG [main] (MAIN.Room:U7YY) Persisting room U7YY (Dining Area)
2018-03-24 21:11:28,226 DEBUG [main] (MAIN.Room:GD32) Persisting room GD32 (Lanai)
2018-03-24 21:11:28,226 DEBUG [main] (MAIN.Room:DKF5) Persisting room DKF5 (Salas)
2018-03-24 21:11:28,226 INFO  [main] (MAIN.ProductRepository) Retrieving property types from DB...
2018-03-24 21:11:28,228 DEBUG [main] (MAIN.ProductRepository) Adding property type D (Digital) to repository!
2018-03-24 21:11:28,228 DEBUG [main] (MAIN.ProductRepository) Adding property type A1 (Analog) to repository!
2018-03-24 21:11:28,229 DEBUG [main] (MAIN.ProductRepository) Adding property type A2 (Percent) to repository!
2018-03-24 21:11:28,229 DEBUG [main] (MAIN.ProductRepository) Adding property type A3 (AnalogHue) to repository!
2018-03-24 21:11:28,229 DEBUG [main] (MAIN.ProductRepository) Adding property type STR (String) to repository!
2018-03-24 21:11:28,229 DEBUG [main] (MAIN.ProductRepository) Adding property type INN (Innate) to repository!
2018-03-24 21:11:28,229 DEBUG [main] (MAIN.ProductRepository) Adding property type INT (Integer) to repository!
2018-03-24 21:11:28,230 INFO  [main] (MAIN.ProductRepository) Populating products from DB...
2018-03-24 21:11:28,251 DEBUG [main] (MAIN.ProductRepository) Adding product 0010 (Timer) to repository!
2018-03-24 21:11:28,257 DEBUG [main] (MAIN.ProductRepository) Adding product 0011 (WS2812B) to repository!
2018-03-24 21:11:28,260 DEBUG [main] (MAIN.ProductRepository) Adding product 0012 (VirtualSwitch) to repository!
2018-03-24 21:11:28,262 DEBUG [main] (MAIN.ProductRepository) Adding product 0013 (VirtualSlider) to repository!
2018-03-24 21:11:28,270 DEBUG [main] (MAIN.ProductRepository) Adding product 0002 (SoloLightRGB) to repository!
2018-03-24 21:11:28,274 DEBUG [main] (MAIN.ProductRepository) Adding product 0008 (PIRSensor) to repository!
2018-03-24 21:11:28,277 DEBUG [main] (MAIN.ProductRepository) Adding product 0000 (System) to repository!
2018-03-24 21:11:28,288 DEBUG [main] (MAIN.ProductRepository) Adding product 0005 (PlexMediaPlayer) to repository!
2018-03-24 21:11:28,292 DEBUG [main] (MAIN.ProductRepository) Adding product 0009 (SamsungRemote) to repository!
2018-03-24 21:11:28,339 DEBUG [main] (MAIN.ProductRepository) Adding product 0006 (TFTSwitch) to repository!
2018-03-24 21:11:28,385 DEBUG [main] (MAIN.ProductRepository) Adding product 0003 (Symphony Socket) to repository!
2018-03-24 21:11:28,387 DEBUG [main] (MAIN.ProductRepository) Adding product 0001 (SoloLight) to repository!
2018-03-24 21:11:28,388 DEBUG [main] (MAIN.ProductRepository) Adding product 0007 (Test1) to repository!
2018-03-24 21:11:28,391 INFO  [main] (MAIN.DeviceRepository) Retrieving components from DB...
2018-03-24 21:11:28,397 DEBUG [main] (MAIN.DeviceRepository) Adding device C3K3 (Night Light) to repository!
2018-03-24 21:11:28,398 DEBUG [main] (MAIN.DeviceRepository) Setting property: 0001 of device: C3K3 with value: 1
2018-03-24 21:11:28,398 DEBUG [main] (MAIN.DeviceRepository) Adding device J6L0 (Main Room Light) to repository!
2018-03-24 21:11:28,398 DEBUG [main] (MAIN.DeviceRepository) Setting property: 0001 of device: J6L0 with value: 1
2018-03-24 21:11:28,398 DEBUG [main] (MAIN.DeviceRepository) Adding device OJ7S (RGB) to repository!
2018-03-24 21:11:28,398 DEBUG [main] (MAIN.DeviceRepository) Setting property: 0029 of device: OJ7S with value: 0
2018-03-24 21:11:28,398 DEBUG [main] (MAIN.DeviceRepository) Setting property: 0024 of component: OJ7S with value: 0
2018-03-24 21:11:28,398 DEBUG [main] (MAIN.DeviceRepository) Setting property: 0002 of component: OJ7S with value: 0
2018-03-24 21:11:28,399 DEBUG [main] (MAIN.DeviceRepository) Setting property: 0003 of component: OJ7S with value: 0
2018-03-24 21:11:28,399 DEBUG [main] (MAIN.DeviceRepository) Setting property: 0022 of component: OJ7S with value: 0
2018-03-24 21:11:28,399 DEBUG [main] (MAIN.DeviceRepository) Setting property: 0023 of component: OJ7S with value: 0
2018-03-24 21:11:28,399 DEBUG [main] (MAIN.DeviceRepository) Setting property: 0020 of component: OJ7S with value: 0
2018-03-24 21:11:28,399 DEBUG [main] (MAIN.DeviceRepository) Setting property: 0021 of component: OJ7S with value: 0
2018-03-24 21:11:28,399 DEBUG [main] (MAIN.DeviceRepository) Setting property: 0019 of component: OJ7S with value: 0
2018-03-24 21:11:28,399 INFO  [main] (MAIN.DeviceRepository) DeviceRepository population done!
2018-03-24 21:11:28,399 DEBUG [main] (CIR.CIRRepository) Updating CIRRepository...
2018-03-24 21:11:28,451 DEBUG [main] (CIR.CIRRepository) Adding rule "Lights On 1" to repository
2018-03-24 21:11:28,452 DEBUG [main] (CIR.CIRRepository) Adding rule "Lights Off 1" to repository
2018-03-24 21:11:28,460 INFO  [main] (MAIN.BusinessMachine) BusinessMachine started!
