2018-06-09 00:06:27,899 DEBUG [Thread1:Process1] (POOP.POOPModule) POOPModule request processing started!
2018-06-09 00:06:27,900 INFO  [Thread1:Process1] (POOP.POOPModule) Changing property 0001 of device J6L0 to 0...
2018-06-09 00:06:27,901 DEBUG [Thread1:Process1] (POOP.POOPModule) Updating property in system...
2018-06-09 00:06:27,901 DEBUG [Thread1:Process1] (POOP.J6L0_0001) Setting value of property J6L0_0001 to 0...
2018-06-09 00:06:27,901 DEBUG [Thread1:Process1] (POOP.J6L0_0001) Updating value of property J6L0_0001 in CIRAdaptor...
2018-06-09 00:06:27,901 DEBUG [Thread1:Process1] (POOP.J6L0_0001) Property J6L0_0001 updated!
2018-06-09 00:06:27,901 DEBUG [Thread1:Process1] (POOP.J6L0_0001) Updating value of property J6L0_0001 in DBAdaptor...
2018-06-09 00:06:27,902 DEBUG [Thread1:Process1] (POOP.J6L0_0001) Property J6L0_0001 updated!
2018-06-09 00:06:27,902 DEBUG [Thread1:Process1] (POOP.J6L0_0001) Updating value of property J6L0_0001 in OHAdaptor...
2018-06-09 00:06:27,902 DEBUG [Thread1:Process1] (POOP.J6L0_0001) Property J6L0_0001 updated!
2018-06-09 00:06:27,903 INFO  [Thread1:Process1] (POOP.POOPModule) POOP processing complete!
2018-06-09 00:06:27,903 INFO  [Thread1:Process1] (POOP.POOPModule) Request processing finished!
2018-06-09 00:06:40,979 DEBUG [Thread2:Process2] (POOP.POOPModule) POOPModule request processing started!
2018-06-09 00:06:40,979 INFO  [Thread2:Process2] (POOP.POOPModule) Changing property 0001 of device J6L0 to 1...
2018-06-09 00:06:40,979 DEBUG [Thread2:Process2] (POOP.POOPModule) Updating property in system...
2018-06-09 00:06:40,979 DEBUG [Thread2:Process2] (POOP.J6L0_0001) Setting value of property J6L0_0001 to 1...
2018-06-09 00:06:40,979 DEBUG [Thread2:Process2] (POOP.J6L0_0001) Updating value of property J6L0_0001 in CIRAdaptor...
2018-06-09 00:06:40,979 DEBUG [Thread2:Process2] (POOP.J6L0_0001) Property J6L0_0001 updated!
2018-06-09 00:06:40,979 DEBUG [Thread2:Process2] (POOP.J6L0_0001) Updating value of property J6L0_0001 in DBAdaptor...
2018-06-09 00:06:40,979 DEBUG [Thread2:Process2] (POOP.J6L0_0001) Property J6L0_0001 updated!
2018-06-09 00:06:40,980 DEBUG [Thread2:Process2] (POOP.J6L0_0001) Updating value of property J6L0_0001 in OHAdaptor...
2018-06-09 00:06:40,980 DEBUG [Thread2:Process2] (POOP.J6L0_0001) Property J6L0_0001 updated!
2018-06-09 00:06:40,980 INFO  [Thread2:Process2] (POOP.POOPModule) POOP processing complete!
2018-06-09 00:06:40,980 INFO  [Thread2:Process2] (POOP.POOPModule) Request processing finished!
