2018-08-06 23:35:48,868 DEBUG [Thread1:Process1] (REG.RegistrationModule) RegistrationModule request processing started!
2018-08-06 23:35:48,870 FATAL [Thread1:Process1] (REG.RegistrationModule) INDEX: 0
2018-08-06 23:35:48,870 FATAL [Thread1:Process1] (REG.RegistrationModule) INDEX: 1
2018-08-06 23:35:48,871 INFO  [Thread1:Process1] (REG.RegistrationModule) Registering device testnoprod1 to Environment...
2018-08-06 23:35:48,871 DEBUG [Thread1:Process1] (REG.RegistrationModule) Creating Device object...
2018-08-06 23:35:48,871 DEBUG [Thread1:Process1] (REG.RegistrationModule) Device is productless! Retrieving properties and device icon from registration request...
2018-08-06 23:35:48,871 FATAL [Thread1:Process1] (REG.RegistrationModule) [{"mode":"O","name":"On/Off","index":0,"ptype":"D"},{"mode":"O","name":"Sprinkle Strength","index":1,"ptype":"A2"}]
2018-08-06 23:35:48,871 DEBUG [Thread1:Process1] (REG.RegistrationModule) Properties retrieved!
2018-08-06 23:35:48,871 DEBUG [Thread1:Process1] (REG.RegistrationModule) Icon retrieved!
2018-08-06 23:35:48,913 DEBUG [Thread1:Process1] (REG.G54Y_0) Creating property G54Y_0 in CIRAdaptor...
2018-08-06 23:35:48,913 DEBUG [Thread1:Process1] (REG.G54Y_0) Property G54Y_0 created!
2018-08-06 23:35:48,913 DEBUG [Thread1:Process1] (REG.G54Y_0) Creating property G54Y_0 in DBAdaptor...
2018-08-06 23:35:48,925 DEBUG [Thread1:Process1] (REG.G54Y_0) Property G54Y_0 created!
2018-08-06 23:35:48,925 DEBUG [Thread1:Process1] (REG.G54Y_0) Creating property G54Y_0 in OHAdaptor...
2018-08-06 23:35:48,925 DEBUG [Thread1:Process1] (REG.G54Y_0) Property G54Y_0 created!
2018-08-06 23:35:48,926 DEBUG [Thread1:Process1] (REG.G54Y_1) Creating property G54Y_1 in CIRAdaptor...
2018-08-06 23:35:48,926 DEBUG [Thread1:Process1] (REG.G54Y_1) Property G54Y_1 created!
2018-08-06 23:35:48,926 DEBUG [Thread1:Process1] (REG.G54Y_1) Creating property G54Y_1 in DBAdaptor...
2018-08-06 23:35:48,939 DEBUG [Thread1:Process1] (REG.G54Y_1) Property G54Y_1 created!
2018-08-06 23:35:48,939 DEBUG [Thread1:Process1] (REG.G54Y_1) Creating property G54Y_1 in OHAdaptor...
2018-08-06 23:35:48,939 DEBUG [Thread1:Process1] (REG.G54Y_1) Property G54Y_1 created!
2018-08-06 23:35:48,939 DEBUG [Thread1:Process1] (REG.G54Y_0) Updating value of property G54Y_0 in CIRAdaptor...
2018-08-06 23:35:48,939 DEBUG [Thread1:Process1] (REG.G54Y_0) Property G54Y_0 updated!
2018-08-06 23:35:48,939 DEBUG [Thread1:Process1] (REG.G54Y_0) Updating value of property G54Y_0 in DBAdaptor...
2018-08-06 23:35:48,990 DEBUG [Thread1:Process1] (REG.G54Y_0) Property G54Y_0 updated!
2018-08-06 23:35:48,990 DEBUG [Thread1:Process1] (REG.G54Y_0) Updating value of property G54Y_0 in OHAdaptor...
2018-08-06 23:35:48,990 DEBUG [Thread1:Process1] (REG.G54Y_0) Property G54Y_0 updated!
2018-08-06 23:35:48,990 DEBUG [Thread1:Process1] (REG.G54Y_1) Updating value of property G54Y_1 in CIRAdaptor...
2018-08-06 23:35:48,990 DEBUG [Thread1:Process1] (REG.G54Y_1) Property G54Y_1 updated!
2018-08-06 23:35:48,990 DEBUG [Thread1:Process1] (REG.G54Y_1) Updating value of property G54Y_1 in DBAdaptor...
2018-08-06 23:35:48,998 DEBUG [Thread1:Process1] (REG.G54Y_1) Property G54Y_1 updated!
2018-08-06 23:35:48,999 DEBUG [Thread1:Process1] (REG.G54Y_1) Updating value of property G54Y_1 in OHAdaptor...
2018-08-06 23:35:48,999 DEBUG [Thread1:Process1] (REG.G54Y_1) Property G54Y_1 updated!
2018-08-06 23:35:48,999 INFO  [Thread1:Process1] (REG.RegistrationModule) Sending device credentials to actual device...
2018-08-06 23:35:49,003 INFO  [Thread1:Process1] (REG.RegistrationModule) Registration complete!
2018-08-06 23:35:49,003 INFO  [Thread1:Process1] (REG.RegistrationModule) Request processing finished!
2018-08-06 23:35:50,324 DEBUG [Thread2:Process2] (REG.RegistrationModule) RegistrationModule request processing started!
2018-08-06 23:35:50,325 FATAL [Thread2:Process2] (REG.RegistrationModule) INDEX: 0
2018-08-06 23:35:50,325 INFO  [Thread2:Process2] (REG.RegistrationModule) Registering device testnoprod2 to Environment...
2018-08-06 23:35:50,325 DEBUG [Thread2:Process2] (REG.RegistrationModule) Creating Device object...
2018-08-06 23:35:50,325 DEBUG [Thread2:Process2] (REG.RegistrationModule) Device is productless! Retrieving properties and device icon from registration request...
2018-08-06 23:35:50,325 FATAL [Thread2:Process2] (REG.RegistrationModule) [{"mode":"I","name":"Soil Moisture","index":0,"ptype":"A2"}]
2018-08-06 23:35:50,325 DEBUG [Thread2:Process2] (REG.RegistrationModule) Properties retrieved!
2018-08-06 23:35:50,325 DEBUG [Thread2:Process2] (REG.RegistrationModule) Icon retrieved!
2018-08-06 23:35:50,401 DEBUG [Thread2:Process2] (REG.XWP3_0) Creating property XWP3_0 in CIRAdaptor...
2018-08-06 23:35:50,401 DEBUG [Thread2:Process2] (REG.XWP3_0) Property XWP3_0 created!
2018-08-06 23:35:50,401 DEBUG [Thread2:Process2] (REG.XWP3_0) Creating property XWP3_0 in DBAdaptor...
2018-08-06 23:35:50,406 DEBUG [Thread2:Process2] (REG.XWP3_0) Property XWP3_0 created!
2018-08-06 23:35:50,406 DEBUG [Thread2:Process2] (REG.XWP3_0) Creating property XWP3_0 in OHAdaptor...
2018-08-06 23:35:50,406 DEBUG [Thread2:Process2] (REG.XWP3_0) Property XWP3_0 created!
2018-08-06 23:35:50,406 DEBUG [Thread2:Process2] (REG.XWP3_0) Updating value of property XWP3_0 in CIRAdaptor...
2018-08-06 23:35:50,406 DEBUG [Thread2:Process2] (REG.XWP3_0) Property XWP3_0 updated!
2018-08-06 23:35:50,406 DEBUG [Thread2:Process2] (REG.XWP3_0) Updating value of property XWP3_0 in DBAdaptor...
2018-08-06 23:35:50,417 DEBUG [Thread2:Process2] (REG.XWP3_0) Property XWP3_0 updated!
2018-08-06 23:35:50,417 DEBUG [Thread2:Process2] (REG.XWP3_0) Updating value of property XWP3_0 in OHAdaptor...
2018-08-06 23:35:50,417 DEBUG [Thread2:Process2] (REG.XWP3_0) Property XWP3_0 updated!
2018-08-06 23:35:50,417 INFO  [Thread2:Process2] (REG.RegistrationModule) Sending device credentials to actual device...
2018-08-06 23:35:50,417 INFO  [Thread2:Process2] (REG.RegistrationModule) Registration complete!
2018-08-06 23:35:50,417 INFO  [Thread2:Process2] (REG.RegistrationModule) Request processing finished!
