2018-01-26 14:56:51,718 INFO  [main] (MAIN.BusinessMachine) Starting BusinessMaestro... 
2018-01-26 14:56:52,241 INFO  [main] (bm.main.BusinessMachine) Starting BusinessMachine on Carlos-MacBook-Pro.local with PID 1155 (/Users/carlomiras/git/BM-core/target/classes started by carlomiras in /Users/carlomiras/git/BM-core)
2018-01-26 14:56:52,241 INFO  [main] (bm.main.BusinessMachine) No active profile set, falling back to default profiles: default
2018-01-26 14:56:57,635 INFO  [main] (UI.AdminController) AdminController started!
2018-01-26 14:56:58,042 INFO  [main] (MAIN.UserPropertyManager) UserPropertyManager started!
2018-01-26 14:56:58,071 INFO  [main] (DB.MainDBEngine) DBEngine started on url: jdbc:derby://localhost:1527/DB
2018-01-26 14:56:58,522 INFO  [main] (DB.MainDBEngine) Connected to Derby DB!
2018-01-26 14:56:58,621 INFO  [main] (UI.BaseController) BaseController started!
2018-01-26 14:56:58,631 INFO  [main] (UI.DevicesController) DevicesController started!
2018-01-26 14:56:58,714 INFO  [main] (CIR.CIRRepository) CIRRepository started!
2018-01-26 14:56:58,736 INFO  [main] (UI.ErrorController) ErrorController started!
2018-01-26 14:56:58,744 INFO  [main] (UI.SettingsController) SettingsController started!
2018-01-26 14:56:58,828 INFO  [main] (MAIN.Controller) Controller constructed!
2018-01-26 14:56:58,949 INFO  [main] (MQTT.MQTTClient) Connected to MQTT!
2018-01-26 14:57:01,437 INFO  [main] (bm.main.BusinessMachine) Started BusinessMachine in 9.539 seconds (JVM running for 10.106)
2018-01-26 14:57:01,593 INFO  [main] (MAIN.ProductRepository) Retrieving property types from DB...
2018-01-26 14:57:01,654 INFO  [main] (MAIN.ProductRepository) Populating products from DB...
2018-01-26 14:57:01,951 INFO  [main] (MAIN.DeviceRepository) Retrieving components from DB...
2018-01-26 14:57:02,057 INFO  [main] (MAIN.DeviceRepository) DeviceRepository population done!
2018-01-26 14:57:02,057 INFO  [main] (MAIN.DeviceRepository) Updating OpenHAB item registry...
2018-01-26 14:57:02,166 INFO  [main] (MAIN.BusinessMachine) BusinessMachine started!
2018-01-26 14:57:45,985 INFO  [MQTT Call: VM_12345678] (MAIN.Controller) Request received!
2018-01-26 14:57:46,099 INFO  [1:Process1] (POOP.POOPModule) Changing component J6L0 property 0001 to 0...
2018-01-26 14:57:46,102 INFO  [1:Process1] (POOP.POOPModule) Updating affected component properties in system...
2018-01-26 14:57:46,102 INFO  [1:Process1] (POOP.POOPModule) Changing commponent C3K3 property 0001 to 0...
