2018-03-28 08:27:07,577 INFO  [main] (symphony.firebase.adaptor.Firebase) Constructor start
2018-03-28 08:27:07,677 INFO  [main] (symphony.firebase.adaptor.Firebase) Constructor end
2018-03-28 08:27:07,677 INFO  [main] (symphony.firebase.adaptor.Firebase) Connecting to /symphony/bahay
2018-03-28 08:27:07,705 INFO  [main] (symphony.firebase.adaptor.Firebase) Connection to /symphony/bahay successful.  Listener added.
2018-03-28 08:27:08,632 DEBUG [FirebaseDatabaseWorker] (io.netty.util.internal.logging.InternalLoggerFactory) Using Log4J as the default logging framework
2018-03-28 08:27:08,634 DEBUG [FirebaseDatabaseWorker] (io.netty.util.internal.InternalThreadLocalMap) -Dio.netty.threadLocalMap.stringBuilder.initialSize: 1024
2018-03-28 08:27:08,634 DEBUG [FirebaseDatabaseWorker] (io.netty.util.internal.InternalThreadLocalMap) -Dio.netty.threadLocalMap.stringBuilder.maxSize: 4096
2018-03-28 08:27:08,655 DEBUG [FirebaseDatabaseWorker] (io.netty.util.internal.PlatformDependent) Platform: Windows
2018-03-28 08:27:08,656 DEBUG [FirebaseDatabaseWorker] (io.netty.util.internal.PlatformDependent0) -Dio.netty.noUnsafe: false
2018-03-28 08:27:08,657 DEBUG [FirebaseDatabaseWorker] (io.netty.util.internal.PlatformDependent0) Java version: 8
2018-03-28 08:27:08,657 DEBUG [FirebaseDatabaseWorker] (io.netty.util.internal.PlatformDependent0) sun.misc.Unsafe.theUnsafe: available
2018-03-28 08:27:08,658 DEBUG [FirebaseDatabaseWorker] (io.netty.util.internal.PlatformDependent0) sun.misc.Unsafe.copyMemory: available
2018-03-28 08:27:08,658 DEBUG [FirebaseDatabaseWorker] (io.netty.util.internal.PlatformDependent0) java.nio.Buffer.address: available
2018-03-28 08:27:08,659 DEBUG [FirebaseDatabaseWorker] (io.netty.util.internal.PlatformDependent0) direct buffer constructor: available
2018-03-28 08:27:08,659 DEBUG [FirebaseDatabaseWorker] (io.netty.util.internal.PlatformDependent0) java.nio.Bits.unaligned: available, true
2018-03-28 08:27:08,659 DEBUG [FirebaseDatabaseWorker] (io.netty.util.internal.PlatformDependent0) jdk.internal.misc.Unsafe.allocateUninitializedArray(int): unavailable prior to Java9
2018-03-28 08:27:08,659 DEBUG [FirebaseDatabaseWorker] (io.netty.util.internal.PlatformDependent0) java.nio.DirectByteBuffer.<init>(long, int): available
2018-03-28 08:27:08,660 DEBUG [FirebaseDatabaseWorker] (io.netty.util.internal.PlatformDependent) sun.misc.Unsafe: available
2018-03-28 08:27:08,660 DEBUG [FirebaseDatabaseWorker] (io.netty.util.internal.PlatformDependent) -Dio.netty.tmpdir: C:\Users\MIRAS~1.DES\AppData\Local\Temp (java.io.tmpdir)
2018-03-28 08:27:08,660 DEBUG [FirebaseDatabaseWorker] (io.netty.util.internal.PlatformDependent) -Dio.netty.bitMode: 64 (sun.arch.data.model)
2018-03-28 08:27:08,661 DEBUG [FirebaseDatabaseWorker] (io.netty.util.internal.PlatformDependent) -Dio.netty.noPreferDirect: false
2018-03-28 08:27:08,661 DEBUG [FirebaseDatabaseWorker] (io.netty.util.internal.PlatformDependent) -Dio.netty.maxDirectMemory: 2837446656 bytes
2018-03-28 08:27:08,661 DEBUG [FirebaseDatabaseWorker] (io.netty.util.internal.PlatformDependent) -Dio.netty.uninitializedArrayAllocationThreshold: -1
2018-03-28 08:27:08,661 DEBUG [FirebaseDatabaseWorker] (io.netty.util.internal.CleanerJava6) java.nio.ByteBuffer.cleaner(): available
2018-03-28 08:27:08,671 DEBUG [FirebaseDatabaseWorker] (io.netty.channel.MultithreadEventLoopGroup) -Dio.netty.eventLoopThreads: 16
2018-03-28 08:27:08,697 DEBUG [FirebaseDatabaseWorker] (io.netty.channel.nio.NioEventLoop) -Dio.netty.noKeySetOptimization: false
2018-03-28 08:27:08,697 DEBUG [FirebaseDatabaseWorker] (io.netty.channel.nio.NioEventLoop) -Dio.netty.selectorAutoRebuildThreshold: 512
2018-03-28 08:27:08,703 DEBUG [FirebaseDatabaseWorker] (io.netty.util.internal.PlatformDependent) org.jctools-core.MpscChunkedArrayQueue: available
2018-03-28 08:27:08,721 DEBUG [FirebaseDatabaseWorker] (io.netty.util.internal.NativeLibraryLoader) -Dio.netty.native.workdir: C:\Users\MIRAS~1.DES\AppData\Local\Temp (io.netty.tmpdir)
2018-03-28 08:27:08,722 DEBUG [FirebaseDatabaseWorker] (io.netty.util.internal.NativeLibraryLoader) Unable to load the library 'netty_tcnative_windows_x86_64', trying other loading mechanism.
java.lang.UnsatisfiedLinkError: no netty_tcnative_windows_x86_64 in java.library.path
	at java.lang.ClassLoader.loadLibrary(Unknown Source)
	at java.lang.Runtime.loadLibrary0(Unknown Source)
	at java.lang.System.loadLibrary(Unknown Source)
	at io.netty.util.internal.NativeLibraryUtil.loadLibrary(NativeLibraryUtil.java:38)
	at sun.reflect.NativeMethodAccessorImpl.invoke0(Native Method)
	at sun.reflect.NativeMethodAccessorImpl.invoke(Unknown Source)
	at sun.reflect.DelegatingMethodAccessorImpl.invoke(Unknown Source)
	at java.lang.reflect.Method.invoke(Unknown Source)
	at io.netty.util.internal.NativeLibraryLoader$1.run(NativeLibraryLoader.java:263)
	at java.security.AccessController.doPrivileged(Native Method)
	at io.netty.util.internal.NativeLibraryLoader.loadLibraryByHelper(NativeLibraryLoader.java:255)
	at io.netty.util.internal.NativeLibraryLoader.loadLibrary(NativeLibraryLoader.java:233)
	at io.netty.util.internal.NativeLibraryLoader.load(NativeLibraryLoader.java:124)
	at io.netty.util.internal.NativeLibraryLoader.loadFirstAvailable(NativeLibraryLoader.java:85)
	at io.netty.handler.ssl.OpenSsl.loadTcNative(OpenSsl.java:421)
	at io.netty.handler.ssl.OpenSsl.<clinit>(OpenSsl.java:89)
	at io.netty.handler.ssl.SslContext.defaultProvider(SslContext.java:118)
	at io.netty.handler.ssl.SslContext.defaultClientProvider(SslContext.java:114)
	at io.netty.handler.ssl.SslContext.newClientContextInternal(SslContext.java:763)
	at io.netty.handler.ssl.SslContextBuilder.build(SslContextBuilder.java:446)
	at com.google.firebase.database.connection.NettyWebSocketClient.connect(NettyWebSocketClient.java:82)
	at com.google.firebase.database.connection.WebsocketConnection.open(WebsocketConnection.java:84)
	at com.google.firebase.database.connection.Connection.open(Connection.java:79)
	at com.google.firebase.database.connection.PersistentConnectionImpl.openNetworkConnection(PersistentConnectionImpl.java:548)
	at com.google.firebase.database.connection.PersistentConnectionImpl.access$800(PersistentConnectionImpl.java:37)
	at com.google.firebase.database.connection.PersistentConnectionImpl$1$1.onSuccess(PersistentConnectionImpl.java:500)
	at com.google.firebase.database.core.Context$1$1.onSuccess(Context.java:67)
	at com.google.firebase.database.core.JvmAuthTokenProvider.getToken(JvmAuthTokenProvider.java:66)
	at com.google.firebase.database.core.Context$1.getToken(Context.java:62)
	at com.google.firebase.database.connection.PersistentConnectionImpl$1.run(PersistentConnectionImpl.java:490)
	at com.google.firebase.database.connection.util.RetryHelper$1.run(RetryHelper.java:93)
	at java.util.concurrent.Executors$RunnableAdapter.call(Unknown Source)
	at java.util.concurrent.FutureTask.run(Unknown Source)
	at java.util.concurrent.ScheduledThreadPoolExecutor$ScheduledFutureTask.access$201(Unknown Source)
	at java.util.concurrent.ScheduledThreadPoolExecutor$ScheduledFutureTask.run(Unknown Source)
	at java.util.concurrent.ThreadPoolExecutor.runWorker(Unknown Source)
	at java.util.concurrent.ThreadPoolExecutor$Worker.run(Unknown Source)
	at java.lang.Thread.run(Unknown Source)
2018-03-28 08:27:08,725 DEBUG [FirebaseDatabaseWorker] (io.netty.util.internal.NativeLibraryLoader) netty_tcnative_windows_x86_64 cannot be loaded from java.libary.path, now trying export to -Dio.netty.native.workdir: C:\Users\MIRAS~1.DES\AppData\Local\Temp
java.lang.UnsatisfiedLinkError: no netty_tcnative_windows_x86_64 in java.library.path
	at java.lang.ClassLoader.loadLibrary(Unknown Source)
	at java.lang.Runtime.loadLibrary0(Unknown Source)
	at java.lang.System.loadLibrary(Unknown Source)
	at io.netty.util.internal.NativeLibraryUtil.loadLibrary(NativeLibraryUtil.java:38)
	at io.netty.util.internal.NativeLibraryLoader.loadLibrary(NativeLibraryLoader.java:243)
	at io.netty.util.internal.NativeLibraryLoader.load(NativeLibraryLoader.java:124)
	at io.netty.util.internal.NativeLibraryLoader.loadFirstAvailable(NativeLibraryLoader.java:85)
	at io.netty.handler.ssl.OpenSsl.loadTcNative(OpenSsl.java:421)
	at io.netty.handler.ssl.OpenSsl.<clinit>(OpenSsl.java:89)
	at io.netty.handler.ssl.SslContext.defaultProvider(SslContext.java:118)
	at io.netty.handler.ssl.SslContext.defaultClientProvider(SslContext.java:114)
	at io.netty.handler.ssl.SslContext.newClientContextInternal(SslContext.java:763)
	at io.netty.handler.ssl.SslContextBuilder.build(SslContextBuilder.java:446)
	at com.google.firebase.database.connection.NettyWebSocketClient.connect(NettyWebSocketClient.java:82)
	at com.google.firebase.database.connection.WebsocketConnection.open(WebsocketConnection.java:84)
	at com.google.firebase.database.connection.Connection.open(Connection.java:79)
	at com.google.firebase.database.connection.PersistentConnectionImpl.openNetworkConnection(PersistentConnectionImpl.java:548)
	at com.google.firebase.database.connection.PersistentConnectionImpl.access$800(PersistentConnectionImpl.java:37)
	at com.google.firebase.database.connection.PersistentConnectionImpl$1$1.onSuccess(PersistentConnectionImpl.java:500)
	at com.google.firebase.database.core.Context$1$1.onSuccess(Context.java:67)
	at com.google.firebase.database.core.JvmAuthTokenProvider.getToken(JvmAuthTokenProvider.java:66)
	at com.google.firebase.database.core.Context$1.getToken(Context.java:62)
	at com.google.firebase.database.connection.PersistentConnectionImpl$1.run(PersistentConnectionImpl.java:490)
	at com.google.firebase.database.connection.util.RetryHelper$1.run(RetryHelper.java:93)
	at java.util.concurrent.Executors$RunnableAdapter.call(Unknown Source)
	at java.util.concurrent.FutureTask.run(Unknown Source)
	at java.util.concurrent.ScheduledThreadPoolExecutor$ScheduledFutureTask.access$201(Unknown Source)
	at java.util.concurrent.ScheduledThreadPoolExecutor$ScheduledFutureTask.run(Unknown Source)
	at java.util.concurrent.ThreadPoolExecutor.runWorker(Unknown Source)
	at java.util.concurrent.ThreadPoolExecutor$Worker.run(Unknown Source)
	at java.lang.Thread.run(Unknown Source)
	Suppressed: java.lang.UnsatisfiedLinkError: no netty_tcnative_windows_x86_64 in java.library.path
		at java.lang.ClassLoader.loadLibrary(Unknown Source)
		at java.lang.Runtime.loadLibrary0(Unknown Source)
		at java.lang.System.loadLibrary(Unknown Source)
		at io.netty.util.internal.NativeLibraryUtil.loadLibrary(NativeLibraryUtil.java:38)
		at sun.reflect.NativeMethodAccessorImpl.invoke0(Native Method)
		at sun.reflect.NativeMethodAccessorImpl.invoke(Unknown Source)
		at sun.reflect.DelegatingMethodAccessorImpl.invoke(Unknown Source)
		at java.lang.reflect.Method.invoke(Unknown Source)
		at io.netty.util.internal.NativeLibraryLoader$1.run(NativeLibraryLoader.java:263)
		at java.security.AccessController.doPrivileged(Native Method)
		at io.netty.util.internal.NativeLibraryLoader.loadLibraryByHelper(NativeLibraryLoader.java:255)
		at io.netty.util.internal.NativeLibraryLoader.loadLibrary(NativeLibraryLoader.java:233)
		... 26 more
2018-03-28 08:27:12,790 DEBUG [FirebaseDatabaseWorker] (io.netty.util.internal.NativeLibraryLoader) Successfully loaded the library C:\Users\MIRAS~1.DES\AppData\Local\Temp\netty_tcnative_windows_x86_641699946677249213556.dll
2018-03-28 08:27:12,827 DEBUG [FirebaseDatabaseWorker] (io.netty.handler.ssl.OpenSsl) netty-tcnative using native library: BoringSSL
2018-03-28 08:27:12,906 DEBUG [FirebaseDatabaseWorker] (io.netty.util.ResourceLeakDetector) -Dio.netty.leakDetection.level: simple
2018-03-28 08:27:12,906 DEBUG [FirebaseDatabaseWorker] (io.netty.util.ResourceLeakDetector) -Dio.netty.leakDetection.targetRecords: 4
2018-03-28 08:27:12,910 DEBUG [FirebaseDatabaseWorker] (io.netty.buffer.AbstractByteBuf) -Dio.netty.buffer.bytebuf.checkAccessible: true
2018-03-28 08:27:12,911 DEBUG [FirebaseDatabaseWorker] (io.netty.util.ResourceLeakDetectorFactory) Loaded default ResourceLeakDetector: io.netty.util.ResourceLeakDetector@55929a45
2018-03-28 08:27:12,919 DEBUG [FirebaseDatabaseWorker] (io.netty.buffer.PooledByteBufAllocator) -Dio.netty.allocator.numHeapArenas: 16
2018-03-28 08:27:12,919 DEBUG [FirebaseDatabaseWorker] (io.netty.buffer.PooledByteBufAllocator) -Dio.netty.allocator.numDirectArenas: 16
2018-03-28 08:27:12,919 DEBUG [FirebaseDatabaseWorker] (io.netty.buffer.PooledByteBufAllocator) -Dio.netty.allocator.pageSize: 8192
2018-03-28 08:27:12,919 DEBUG [FirebaseDatabaseWorker] (io.netty.buffer.PooledByteBufAllocator) -Dio.netty.allocator.maxOrder: 11
2018-03-28 08:27:12,919 DEBUG [FirebaseDatabaseWorker] (io.netty.buffer.PooledByteBufAllocator) -Dio.netty.allocator.chunkSize: 16777216
2018-03-28 08:27:12,919 DEBUG [FirebaseDatabaseWorker] (io.netty.buffer.PooledByteBufAllocator) -Dio.netty.allocator.tinyCacheSize: 512
2018-03-28 08:27:12,919 DEBUG [FirebaseDatabaseWorker] (io.netty.buffer.PooledByteBufAllocator) -Dio.netty.allocator.smallCacheSize: 256
2018-03-28 08:27:12,919 DEBUG [FirebaseDatabaseWorker] (io.netty.buffer.PooledByteBufAllocator) -Dio.netty.allocator.normalCacheSize: 64
2018-03-28 08:27:12,919 DEBUG [FirebaseDatabaseWorker] (io.netty.buffer.PooledByteBufAllocator) -Dio.netty.allocator.maxCachedBufferCapacity: 32768
2018-03-28 08:27:12,919 DEBUG [FirebaseDatabaseWorker] (io.netty.buffer.PooledByteBufAllocator) -Dio.netty.allocator.cacheTrimInterval: 8192
2018-03-28 08:27:12,919 DEBUG [FirebaseDatabaseWorker] (io.netty.buffer.PooledByteBufAllocator) -Dio.netty.allocator.useCacheForAllThreads: true
2018-03-28 08:27:12,924 DEBUG [FirebaseDatabaseWorker] (io.netty.buffer.ByteBufUtil) -Dio.netty.allocator.type: pooled
2018-03-28 08:27:12,924 DEBUG [FirebaseDatabaseWorker] (io.netty.buffer.ByteBufUtil) -Dio.netty.threadLocalDirectBufferSize: 65536
2018-03-28 08:27:12,924 DEBUG [FirebaseDatabaseWorker] (io.netty.buffer.ByteBufUtil) -Dio.netty.maxThreadLocalCharBufferSize: 16384
2018-03-28 08:27:12,943 DEBUG [FirebaseDatabaseWorker] (io.netty.util.ResourceLeakDetectorFactory) Loaded default ResourceLeakDetector: io.netty.util.ResourceLeakDetector@50cd0d5c
2018-03-28 08:27:12,948 DEBUG [FirebaseDatabaseWorker] (io.netty.util.Recycler) -Dio.netty.recycler.maxCapacityPerThread: 32768
2018-03-28 08:27:12,948 DEBUG [FirebaseDatabaseWorker] (io.netty.util.Recycler) -Dio.netty.recycler.maxSharedCapacityFactor: 2
2018-03-28 08:27:12,948 DEBUG [FirebaseDatabaseWorker] (io.netty.util.Recycler) -Dio.netty.recycler.linkCapacity: 16
2018-03-28 08:27:12,948 DEBUG [FirebaseDatabaseWorker] (io.netty.util.Recycler) -Dio.netty.recycler.ratio: 8
2018-03-28 08:27:12,979 DEBUG [FirebaseDatabaseWorker] (io.netty.handler.ssl.CipherSuiteConverter) Cipher suite mapping: TLS_ECDHE_ECDSA_WITH_AES_128_GCM_SHA256 => ECDHE-ECDSA-AES128-GCM-SHA256
2018-03-28 08:27:12,979 DEBUG [FirebaseDatabaseWorker] (io.netty.handler.ssl.CipherSuiteConverter) Cipher suite mapping: SSL_ECDHE_ECDSA_WITH_AES_128_GCM_SHA256 => ECDHE-ECDSA-AES128-GCM-SHA256
2018-03-28 08:27:12,979 DEBUG [FirebaseDatabaseWorker] (io.netty.handler.ssl.CipherSuiteConverter) Cipher suite mapping: TLS_ECDHE_RSA_WITH_AES_128_GCM_SHA256 => ECDHE-RSA-AES128-GCM-SHA256
2018-03-28 08:27:12,979 DEBUG [FirebaseDatabaseWorker] (io.netty.handler.ssl.CipherSuiteConverter) Cipher suite mapping: SSL_ECDHE_RSA_WITH_AES_128_GCM_SHA256 => ECDHE-RSA-AES128-GCM-SHA256
2018-03-28 08:27:12,979 DEBUG [FirebaseDatabaseWorker] (io.netty.handler.ssl.CipherSuiteConverter) Cipher suite mapping: TLS_ECDHE_ECDSA_WITH_AES_256_GCM_SHA384 => ECDHE-ECDSA-AES256-GCM-SHA384
2018-03-28 08:27:12,979 DEBUG [FirebaseDatabaseWorker] (io.netty.handler.ssl.CipherSuiteConverter) Cipher suite mapping: SSL_ECDHE_ECDSA_WITH_AES_256_GCM_SHA384 => ECDHE-ECDSA-AES256-GCM-SHA384
2018-03-28 08:27:12,979 DEBUG [FirebaseDatabaseWorker] (io.netty.handler.ssl.CipherSuiteConverter) Cipher suite mapping: TLS_ECDHE_RSA_WITH_AES_256_GCM_SHA384 => ECDHE-RSA-AES256-GCM-SHA384
2018-03-28 08:27:12,979 DEBUG [FirebaseDatabaseWorker] (io.netty.handler.ssl.CipherSuiteConverter) Cipher suite mapping: SSL_ECDHE_RSA_WITH_AES_256_GCM_SHA384 => ECDHE-RSA-AES256-GCM-SHA384
2018-03-28 08:27:12,979 DEBUG [FirebaseDatabaseWorker] (io.netty.handler.ssl.CipherSuiteConverter) Cipher suite mapping: TLS_ECDHE_ECDSA_WITH_CHACHA20_POLY1305_SHA256 => ECDHE-ECDSA-CHACHA20-POLY1305
2018-03-28 08:27:12,979 DEBUG [FirebaseDatabaseWorker] (io.netty.handler.ssl.CipherSuiteConverter) Cipher suite mapping: SSL_ECDHE_ECDSA_WITH_CHACHA20_POLY1305_SHA256 => ECDHE-ECDSA-CHACHA20-POLY1305
2018-03-28 08:27:12,979 DEBUG [FirebaseDatabaseWorker] (io.netty.handler.ssl.CipherSuiteConverter) Cipher suite mapping: TLS_ECDHE_RSA_WITH_CHACHA20_POLY1305_SHA256 => ECDHE-RSA-CHACHA20-POLY1305
2018-03-28 08:27:12,979 DEBUG [FirebaseDatabaseWorker] (io.netty.handler.ssl.CipherSuiteConverter) Cipher suite mapping: SSL_ECDHE_RSA_WITH_CHACHA20_POLY1305_SHA256 => ECDHE-RSA-CHACHA20-POLY1305
2018-03-28 08:27:12,979 DEBUG [FirebaseDatabaseWorker] (io.netty.handler.ssl.CipherSuiteConverter) Cipher suite mapping: TLS_ECDHE_PSK_WITH_CHACHA20_POLY1305_SHA256 => ECDHE-PSK-CHACHA20-POLY1305
2018-03-28 08:27:12,979 DEBUG [FirebaseDatabaseWorker] (io.netty.handler.ssl.CipherSuiteConverter) Cipher suite mapping: SSL_ECDHE_PSK_WITH_CHACHA20_POLY1305_SHA256 => ECDHE-PSK-CHACHA20-POLY1305
2018-03-28 08:27:12,979 DEBUG [FirebaseDatabaseWorker] (io.netty.handler.ssl.CipherSuiteConverter) Cipher suite mapping: TLS_ECDHE_ECDSA_WITH_AES_128_CBC_SHA => ECDHE-ECDSA-AES128-SHA
2018-03-28 08:27:12,979 DEBUG [FirebaseDatabaseWorker] (io.netty.handler.ssl.CipherSuiteConverter) Cipher suite mapping: SSL_ECDHE_ECDSA_WITH_AES_128_CBC_SHA => ECDHE-ECDSA-AES128-SHA
2018-03-28 08:27:12,979 DEBUG [FirebaseDatabaseWorker] (io.netty.handler.ssl.CipherSuiteConverter) Cipher suite mapping: TLS_ECDHE_ECDSA_WITH_AES_128_CBC_SHA256 => ECDHE-ECDSA-AES128-SHA256
2018-03-28 08:27:12,979 DEBUG [FirebaseDatabaseWorker] (io.netty.handler.ssl.CipherSuiteConverter) Cipher suite mapping: SSL_ECDHE_ECDSA_WITH_AES_128_CBC_SHA256 => ECDHE-ECDSA-AES128-SHA256
2018-03-28 08:27:12,980 DEBUG [FirebaseDatabaseWorker] (io.netty.handler.ssl.CipherSuiteConverter) Cipher suite mapping: TLS_ECDHE_RSA_WITH_AES_128_CBC_SHA => ECDHE-RSA-AES128-SHA
2018-03-28 08:27:12,980 DEBUG [FirebaseDatabaseWorker] (io.netty.handler.ssl.CipherSuiteConverter) Cipher suite mapping: SSL_ECDHE_RSA_WITH_AES_128_CBC_SHA => ECDHE-RSA-AES128-SHA
2018-03-28 08:27:12,980 DEBUG [FirebaseDatabaseWorker] (io.netty.handler.ssl.CipherSuiteConverter) Cipher suite mapping: TLS_ECDHE_RSA_WITH_AES_128_CBC_SHA256 => ECDHE-RSA-AES128-SHA256
2018-03-28 08:27:12,980 DEBUG [FirebaseDatabaseWorker] (io.netty.handler.ssl.CipherSuiteConverter) Cipher suite mapping: SSL_ECDHE_RSA_WITH_AES_128_CBC_SHA256 => ECDHE-RSA-AES128-SHA256
2018-03-28 08:27:12,980 DEBUG [FirebaseDatabaseWorker] (io.netty.handler.ssl.CipherSuiteConverter) Cipher suite mapping: TLS_ECDHE_PSK_WITH_AES_128_CBC_SHA => ECDHE-PSK-AES128-CBC-SHA
2018-03-28 08:27:12,980 DEBUG [FirebaseDatabaseWorker] (io.netty.handler.ssl.CipherSuiteConverter) Cipher suite mapping: SSL_ECDHE_PSK_WITH_AES_128_CBC_SHA => ECDHE-PSK-AES128-CBC-SHA
2018-03-28 08:27:12,980 DEBUG [FirebaseDatabaseWorker] (io.netty.handler.ssl.CipherSuiteConverter) Cipher suite mapping: TLS_ECDHE_ECDSA_WITH_AES_256_CBC_SHA => ECDHE-ECDSA-AES256-SHA
2018-03-28 08:27:12,980 DEBUG [FirebaseDatabaseWorker] (io.netty.handler.ssl.CipherSuiteConverter) Cipher suite mapping: SSL_ECDHE_ECDSA_WITH_AES_256_CBC_SHA => ECDHE-ECDSA-AES256-SHA
2018-03-28 08:27:12,980 DEBUG [FirebaseDatabaseWorker] (io.netty.handler.ssl.CipherSuiteConverter) Cipher suite mapping: TLS_ECDHE_ECDSA_WITH_AES_256_CBC_SHA384 => ECDHE-ECDSA-AES256-SHA384
2018-03-28 08:27:12,980 DEBUG [FirebaseDatabaseWorker] (io.netty.handler.ssl.CipherSuiteConverter) Cipher suite mapping: SSL_ECDHE_ECDSA_WITH_AES_256_CBC_SHA384 => ECDHE-ECDSA-AES256-SHA384
2018-03-28 08:27:12,980 DEBUG [FirebaseDatabaseWorker] (io.netty.handler.ssl.CipherSuiteConverter) Cipher suite mapping: TLS_ECDHE_RSA_WITH_AES_256_CBC_SHA => ECDHE-RSA-AES256-SHA
2018-03-28 08:27:12,980 DEBUG [FirebaseDatabaseWorker] (io.netty.handler.ssl.CipherSuiteConverter) Cipher suite mapping: SSL_ECDHE_RSA_WITH_AES_256_CBC_SHA => ECDHE-RSA-AES256-SHA
2018-03-28 08:27:12,980 DEBUG [FirebaseDatabaseWorker] (io.netty.handler.ssl.CipherSuiteConverter) Cipher suite mapping: TLS_ECDHE_RSA_WITH_AES_256_CBC_SHA384 => ECDHE-RSA-AES256-SHA384
2018-03-28 08:27:12,980 DEBUG [FirebaseDatabaseWorker] (io.netty.handler.ssl.CipherSuiteConverter) Cipher suite mapping: SSL_ECDHE_RSA_WITH_AES_256_CBC_SHA384 => ECDHE-RSA-AES256-SHA384
2018-03-28 08:27:12,980 DEBUG [FirebaseDatabaseWorker] (io.netty.handler.ssl.CipherSuiteConverter) Cipher suite mapping: TLS_ECDHE_PSK_WITH_AES_256_CBC_SHA => ECDHE-PSK-AES256-CBC-SHA
2018-03-28 08:27:12,980 DEBUG [FirebaseDatabaseWorker] (io.netty.handler.ssl.CipherSuiteConverter) Cipher suite mapping: SSL_ECDHE_PSK_WITH_AES_256_CBC_SHA => ECDHE-PSK-AES256-CBC-SHA
2018-03-28 08:27:12,980 DEBUG [FirebaseDatabaseWorker] (io.netty.handler.ssl.CipherSuiteConverter) Cipher suite mapping: TLS_RSA_WITH_AES_128_GCM_SHA256 => AES128-GCM-SHA256
2018-03-28 08:27:12,980 DEBUG [FirebaseDatabaseWorker] (io.netty.handler.ssl.CipherSuiteConverter) Cipher suite mapping: SSL_RSA_WITH_AES_128_GCM_SHA256 => AES128-GCM-SHA256
2018-03-28 08:27:12,981 DEBUG [FirebaseDatabaseWorker] (io.netty.handler.ssl.CipherSuiteConverter) Cipher suite mapping: TLS_RSA_WITH_AES_256_GCM_SHA384 => AES256-GCM-SHA384
2018-03-28 08:27:12,981 DEBUG [FirebaseDatabaseWorker] (io.netty.handler.ssl.CipherSuiteConverter) Cipher suite mapping: SSL_RSA_WITH_AES_256_GCM_SHA384 => AES256-GCM-SHA384
2018-03-28 08:27:12,981 DEBUG [FirebaseDatabaseWorker] (io.netty.handler.ssl.CipherSuiteConverter) Cipher suite mapping: TLS_RSA_WITH_AES_128_CBC_SHA => AES128-SHA
2018-03-28 08:27:12,981 DEBUG [FirebaseDatabaseWorker] (io.netty.handler.ssl.CipherSuiteConverter) Cipher suite mapping: SSL_RSA_WITH_AES_128_CBC_SHA => AES128-SHA
2018-03-28 08:27:12,981 DEBUG [FirebaseDatabaseWorker] (io.netty.handler.ssl.CipherSuiteConverter) Cipher suite mapping: TLS_RSA_WITH_AES_128_CBC_SHA256 => AES128-SHA256
2018-03-28 08:27:12,981 DEBUG [FirebaseDatabaseWorker] (io.netty.handler.ssl.CipherSuiteConverter) Cipher suite mapping: SSL_RSA_WITH_AES_128_CBC_SHA256 => AES128-SHA256
2018-03-28 08:27:12,981 DEBUG [FirebaseDatabaseWorker] (io.netty.handler.ssl.CipherSuiteConverter) Cipher suite mapping: TLS_PSK_WITH_AES_128_CBC_SHA => PSK-AES128-CBC-SHA
2018-03-28 08:27:12,981 DEBUG [FirebaseDatabaseWorker] (io.netty.handler.ssl.CipherSuiteConverter) Cipher suite mapping: SSL_PSK_WITH_AES_128_CBC_SHA => PSK-AES128-CBC-SHA
2018-03-28 08:27:12,981 DEBUG [FirebaseDatabaseWorker] (io.netty.handler.ssl.CipherSuiteConverter) Cipher suite mapping: TLS_RSA_WITH_AES_256_CBC_SHA => AES256-SHA
2018-03-28 08:27:12,981 DEBUG [FirebaseDatabaseWorker] (io.netty.handler.ssl.CipherSuiteConverter) Cipher suite mapping: SSL_RSA_WITH_AES_256_CBC_SHA => AES256-SHA
2018-03-28 08:27:12,981 DEBUG [FirebaseDatabaseWorker] (io.netty.handler.ssl.CipherSuiteConverter) Cipher suite mapping: TLS_RSA_WITH_AES_256_CBC_SHA256 => AES256-SHA256
2018-03-28 08:27:12,981 DEBUG [FirebaseDatabaseWorker] (io.netty.handler.ssl.CipherSuiteConverter) Cipher suite mapping: SSL_RSA_WITH_AES_256_CBC_SHA256 => AES256-SHA256
2018-03-28 08:27:12,981 DEBUG [FirebaseDatabaseWorker] (io.netty.handler.ssl.CipherSuiteConverter) Cipher suite mapping: TLS_PSK_WITH_AES_256_CBC_SHA => PSK-AES256-CBC-SHA
2018-03-28 08:27:12,981 DEBUG [FirebaseDatabaseWorker] (io.netty.handler.ssl.CipherSuiteConverter) Cipher suite mapping: SSL_PSK_WITH_AES_256_CBC_SHA => PSK-AES256-CBC-SHA
2018-03-28 08:27:12,981 DEBUG [FirebaseDatabaseWorker] (io.netty.handler.ssl.CipherSuiteConverter) Cipher suite mapping: TLS_RSA_WITH_3DES_EDE_CBC_SHA => DES-CBC3-SHA
2018-03-28 08:27:12,981 DEBUG [FirebaseDatabaseWorker] (io.netty.handler.ssl.CipherSuiteConverter) Cipher suite mapping: SSL_RSA_WITH_3DES_EDE_CBC_SHA => DES-CBC3-SHA
2018-03-28 08:27:12,982 DEBUG [FirebaseDatabaseWorker] (io.netty.handler.ssl.OpenSsl) Supported protocols (OpenSSL): [[SSLv2Hello, TLSv1, TLSv1.1, TLSv1.2]] 
2018-03-28 08:27:12,982 DEBUG [FirebaseDatabaseWorker] (io.netty.handler.ssl.OpenSsl) Default cipher suites (OpenSSL): [TLS_ECDHE_ECDSA_WITH_AES_128_GCM_SHA256, TLS_ECDHE_RSA_WITH_AES_128_GCM_SHA256, TLS_ECDHE_ECDSA_WITH_AES_256_GCM_SHA384, TLS_ECDHE_RSA_WITH_AES_256_GCM_SHA384, TLS_ECDHE_ECDSA_WITH_CHACHA20_POLY1305_SHA256, TLS_ECDHE_RSA_WITH_CHACHA20_POLY1305_SHA256, TLS_ECDHE_PSK_WITH_CHACHA20_POLY1305_SHA256, TLS_ECDHE_ECDSA_WITH_AES_128_CBC_SHA, TLS_ECDHE_ECDSA_WITH_AES_128_CBC_SHA256, TLS_ECDHE_RSA_WITH_AES_128_CBC_SHA, TLS_ECDHE_RSA_WITH_AES_128_CBC_SHA256, TLS_ECDHE_PSK_WITH_AES_128_CBC_SHA, TLS_ECDHE_ECDSA_WITH_AES_256_CBC_SHA, TLS_ECDHE_ECDSA_WITH_AES_256_CBC_SHA384, TLS_ECDHE_RSA_WITH_AES_256_CBC_SHA, TLS_ECDHE_RSA_WITH_AES_256_CBC_SHA384, TLS_ECDHE_PSK_WITH_AES_256_CBC_SHA, TLS_RSA_WITH_AES_128_GCM_SHA256, TLS_RSA_WITH_AES_256_GCM_SHA384, TLS_RSA_WITH_AES_128_CBC_SHA, TLS_RSA_WITH_AES_128_CBC_SHA256, TLS_PSK_WITH_AES_128_CBC_SHA, TLS_RSA_WITH_AES_256_CBC_SHA, TLS_RSA_WITH_AES_256_CBC_SHA256, TLS_PSK_WITH_AES_256_CBC_SHA, TLS_RSA_WITH_3DES_EDE_CBC_SHA, TLS_ECDHE_ECDSA_WITH_AES_256_GCM_SHA384, TLS_ECDHE_ECDSA_WITH_AES_128_GCM_SHA256, TLS_ECDHE_RSA_WITH_AES_128_GCM_SHA256, TLS_ECDHE_RSA_WITH_AES_128_CBC_SHA, TLS_ECDHE_RSA_WITH_AES_256_CBC_SHA, TLS_RSA_WITH_AES_128_GCM_SHA256, TLS_RSA_WITH_AES_128_CBC_SHA, TLS_RSA_WITH_AES_256_CBC_SHA]
2018-03-28 08:27:13,002 DEBUG [FirebaseDatabaseWorker] (io.netty.channel.DefaultChannelId) -Dio.netty.processId: 16320 (auto-detected)
2018-03-28 08:27:13,004 DEBUG [FirebaseDatabaseWorker] (io.netty.util.NetUtil) -Djava.net.preferIPv4Stack: false
2018-03-28 08:27:13,004 DEBUG [FirebaseDatabaseWorker] (io.netty.util.NetUtil) -Djava.net.preferIPv6Addresses: false
2018-03-28 08:27:13,037 DEBUG [FirebaseDatabaseWorker] (io.netty.util.NetUtil) Loopback interface: lo (Software Loopback Interface 1, 127.0.0.1)
2018-03-28 08:27:13,038 DEBUG [FirebaseDatabaseWorker] (io.netty.util.NetUtil) Failed to get SOMAXCONN from sysctl and file \proc\sys\net\core\somaxconn. Default: 200
2018-03-28 08:27:13,072 DEBUG [FirebaseDatabaseWorker] (io.netty.channel.DefaultChannelId) -Dio.netty.machineId: 14:cc:20:ff:fe:11:4d:da (auto-detected)
2018-03-28 08:27:13,093 DEBUG [firebase-websocket-worker] (io.netty.util.ResourceLeakDetectorFactory) Loaded default ResourceLeakDetector: io.netty.util.ResourceLeakDetector@50992886
2018-03-28 08:27:13,302 DEBUG [firebase-websocket-worker] (io.netty.handler.codec.http.websocketx.WebSocketClientHandshaker13) WebSocket version 13 client handshake key: cjaNqOrBqEAwKafhjzOFuw==, expected response: Y9o3DTOFCzoYJMGdAwTeLYZk7DE=
2018-03-28 08:27:13,932 DEBUG [firebase-websocket-worker] (io.netty.handler.ssl.SslHandler) [id: 0x905f6fb6, L:/192.168.0.108:54785 - R:symphony-dcc4c.firebaseio.com/35.201.97.85:443] HANDSHAKEN: TLS_ECDHE_RSA_WITH_CHACHA20_POLY1305_SHA256
2018-03-28 08:27:14,202 DEBUG [firebase-websocket-worker] (io.netty.handler.codec.http.websocketx.WebSocket08FrameDecoder) Decoding WebSocket Frame opCode=1
2018-03-28 08:27:14,203 DEBUG [firebase-websocket-worker] (io.netty.handler.codec.http.websocketx.WebSocket08FrameDecoder) Decoding WebSocket Frame length=132
2018-03-28 08:27:14,213 DEBUG [firebase-websocket-worker] (io.netty.handler.codec.http.websocketx.WebSocket08FrameEncoder) Encoding WebSocket Frame opCode=1 length=66
2018-03-28 08:27:14,215 DEBUG [firebase-websocket-worker] (io.netty.handler.codec.http.websocketx.WebSocket08FrameEncoder) Encoding WebSocket Frame opCode=1 length=191
2018-03-28 08:27:14,427 DEBUG [firebase-websocket-worker] (io.netty.handler.codec.http.websocketx.WebSocket08FrameDecoder) Decoding WebSocket Frame opCode=1
2018-03-28 08:27:14,427 DEBUG [firebase-websocket-worker] (io.netty.handler.codec.http.websocketx.WebSocket08FrameDecoder) Decoding WebSocket Frame length=43
2018-03-28 08:27:14,719 DEBUG [firebase-websocket-worker] (io.netty.handler.codec.http.websocketx.WebSocket08FrameDecoder) Decoding WebSocket Frame opCode=1
2018-03-28 08:27:14,719 DEBUG [firebase-websocket-worker] (io.netty.handler.codec.http.websocketx.WebSocket08FrameDecoder) Decoding WebSocket Frame length=75
2018-03-28 08:27:14,723 DEBUG [firebase-websocket-worker] (io.netty.handler.codec.http.websocketx.WebSocket08FrameEncoder) Encoding WebSocket Frame opCode=1 length=63
2018-03-28 08:27:15,153 DEBUG [firebase-websocket-worker] (io.netty.handler.codec.http.websocketx.WebSocket08FrameDecoder) Decoding WebSocket Frame opCode=1
2018-03-28 08:27:15,153 DEBUG [firebase-websocket-worker] (io.netty.handler.codec.http.websocketx.WebSocket08FrameDecoder) Decoding WebSocket Frame length=724
2018-03-28 08:27:15,154 DEBUG [firebase-websocket-worker] (io.netty.handler.codec.http.websocketx.WebSocket08FrameDecoder) Decoding WebSocket Frame opCode=1
2018-03-28 08:27:15,154 DEBUG [firebase-websocket-worker] (io.netty.handler.codec.http.websocketx.WebSocket08FrameDecoder) Decoding WebSocket Frame length=43
2018-03-28 08:27:15,174 INFO  [FirebaseDatabaseEventTarget] (symphony.firebase.adaptor.ChildAddedListener) /symphony/bahay/0008 added device{name=PIR, id=0008}
2018-03-28 08:27:15,176 INFO  [FirebaseDatabaseEventTarget] (symphony.firebase.adaptor.ChildAddedListener) childChangedEventListener to /symphony/bahay/0008
2018-03-28 08:27:15,177 INFO  [FirebaseDatabaseEventTarget] (symphony.firebase.adaptor.ChildAddedListener) /symphony/bahay/Dining Area added device{name=SoloSocket, id=N566, properties={Socket Switch={id=0006, value=0}}}
2018-03-28 08:27:15,177 INFO  [FirebaseDatabaseEventTarget] (symphony.firebase.adaptor.ChildAddedListener) childChangedEventListener to /symphony/bahay/Dining Area
2018-03-28 08:27:15,177 INFO  [FirebaseDatabaseEventTarget] (symphony.firebase.adaptor.ChildAddedListener) /symphony/bahay/bath added device{light=1}
2018-03-28 08:27:15,177 INFO  [FirebaseDatabaseEventTarget] (symphony.firebase.adaptor.ChildAddedListener) childChangedEventListener to /symphony/bahay/bath
2018-03-28 08:27:15,178 INFO  [FirebaseDatabaseEventTarget] (symphony.firebase.adaptor.ChildAddedListener) /symphony/bahay/bedroom added device{fan={prop=prop, value=off, CID=cid1}, light=off}
2018-03-28 08:27:15,178 INFO  [FirebaseDatabaseEventTarget] (symphony.firebase.adaptor.ChildAddedListener) childChangedEventListener to /symphony/bahay/bedroom
2018-03-28 08:27:15,178 INFO  [FirebaseDatabaseEventTarget] (symphony.firebase.adaptor.ChildAddedListener) /symphony/bahay/dining added device{name=testName, id=testSSID}
2018-03-28 08:27:15,179 INFO  [FirebaseDatabaseEventTarget] (symphony.firebase.adaptor.ChildAddedListener) childChangedEventListener to /symphony/bahay/dining
2018-03-28 08:27:15,179 INFO  [FirebaseDatabaseEventTarget] (symphony.firebase.adaptor.ChildAddedListener) /symphony/bahay/insert_cid_here added device{properties={1234={name=ngalan1, id=id1, value=7}, 5467={name=ngalan2, id=id2, value=8}}}
2018-03-28 08:27:15,180 INFO  [FirebaseDatabaseEventTarget] (symphony.firebase.adaptor.ChildAddedListener) childChangedEventListener to /symphony/bahay/insert_cid_here
2018-03-28 08:27:15,180 INFO  [FirebaseDatabaseEventTarget] (symphony.firebase.adaptor.ChildAddedListener) /symphony/bahay/kitchen added device{light=off}
2018-03-28 08:27:15,180 INFO  [FirebaseDatabaseEventTarget] (symphony.firebase.adaptor.ChildAddedListener) childChangedEventListener to /symphony/bahay/kitchen
2018-03-28 08:27:15,181 INFO  [FirebaseDatabaseEventTarget] (symphony.firebase.adaptor.ChildAddedListener) /symphony/bahay/null added device{light=on}
2018-03-28 08:27:15,181 INFO  [FirebaseDatabaseEventTarget] (symphony.firebase.adaptor.ChildAddedListener) childChangedEventListener to /symphony/bahay/null
2018-03-28 08:27:15,181 INFO  [FirebaseDatabaseEventTarget] (symphony.firebase.adaptor.ChildAddedListener) /symphony/bahay/salas added device{fan=off, light=on, ilaw=off, microwave=off}
2018-03-28 08:27:15,182 INFO  [FirebaseDatabaseEventTarget] (symphony.firebase.adaptor.ChildAddedListener) childChangedEventListener to /symphony/bahay/salas
2018-03-28 08:27:15,183 INFO  [FirebaseDatabaseEventTarget] (symphony.firebase.adaptor.ChildAddedListener) /symphony/bahay/users added device{name=PIRName, id=PIR, properties={1234={name=ngalan1, id=id1, value=7}, 5467={name=ngalan2, id=id2, value=8}}}
2018-03-28 08:27:15,183 INFO  [FirebaseDatabaseEventTarget] (symphony.firebase.adaptor.ChildAddedListener) childChangedEventListener to /symphony/bahay/users
2018-03-28 08:27:27,711 INFO  [main] (symphony.firebase.adaptor.Firebase) deviceStateUpdated called.
2018-03-28 08:27:27,711 INFO  [main] (symphony.firebase.adaptor.Firebase) Room:dining Device id=testSSID name=testName
2018-03-28 08:27:27,711 INFO  [main] (symphony.firebase.vo.FirebaseDevice) device.name=testName props.length=0
2018-03-28 08:27:27,716 INFO  [main] (symphony.firebase.adaptor.Firebase) done firebase update
2018-03-28 08:27:27,719 DEBUG [firebase-websocket-worker] (io.netty.handler.codec.http.websocketx.WebSocket08FrameEncoder) Encoding WebSocket Frame opCode=1 length=116
2018-03-28 08:27:27,935 DEBUG [firebase-websocket-worker] (io.netty.handler.codec.http.websocketx.WebSocket08FrameDecoder) Decoding WebSocket Frame opCode=1
2018-03-28 08:27:27,935 DEBUG [firebase-websocket-worker] (io.netty.handler.codec.http.websocketx.WebSocket08FrameDecoder) Decoding WebSocket Frame length=110
2018-03-28 08:27:27,935 DEBUG [firebase-websocket-worker] (io.netty.handler.codec.http.websocketx.WebSocket08FrameDecoder) Decoding WebSocket Frame opCode=1
2018-03-28 08:27:27,935 DEBUG [firebase-websocket-worker] (io.netty.handler.codec.http.websocketx.WebSocket08FrameDecoder) Decoding WebSocket Frame length=43
2018-03-28 08:28:12,937 DEBUG [firebase-websocket-worker] (io.netty.handler.codec.http.websocketx.WebSocket08FrameEncoder) Encoding WebSocket Frame opCode=1 length=1
2018-03-28 08:28:57,940 DEBUG [firebase-websocket-worker] (io.netty.handler.codec.http.websocketx.WebSocket08FrameEncoder) Encoding WebSocket Frame opCode=1 length=1
