2018-07-29 00:45:28,525 INFO  [main] (MAIN.Maestro) Starting Maestro... 
2018-07-29 00:45:28,738 INFO  [restartedMain] (MAIN.Maestro) Starting Maestro... 
2018-07-29 00:45:29,370 INFO  [restartedMain] (bm.main.Maestro) Starting Maestro on Carlos-MacBook-Pro-2.local with PID 25704 (/Users/carlomiras/git/BM-core_v3/target/classes started by carlomiras in /Users/carlomiras/git/BM-core_v3)
2018-07-29 00:45:29,370 DEBUG [restartedMain] (bm.main.Maestro) Running with Spring Boot v2.0.2.RELEASE, Spring v5.1.0.BUILD-SNAPSHOT
2018-07-29 00:45:29,371 INFO  [restartedMain] (bm.main.Maestro) No active profile set, falling back to default profiles: default
2018-07-29 00:45:31,574 INFO  [restartedMain] (UI.AdminController) AdminController started!
2018-07-29 00:45:31,702 INFO  [restartedMain] (MAIN.UserPropertyManager) UserPropertyManager started!
2018-07-29 00:45:31,761 INFO  [restartedMain] (DB.MainDBEngine) MainDBEngine started @ URL: jdbc:derby://localhost:1527/DB
2018-07-29 00:45:31,794 INFO  [restartedMain] (MAIN.Controller) Controller started!
2018-07-29 00:45:31,809 INFO  [restartedMain] (MAIN.ResponseManager) ResponseManager started!
2018-07-29 00:45:31,817 INFO  [restartedMain] (MainMQTTPublisher.MQTT) Starting MQTT Sender...
2018-07-29 00:45:31,817 INFO  [restartedMain] (MainMQTTPublisher.MQTT) MQTT Sender started!
2018-07-29 00:45:31,832 INFO  [restartedMain] (UI.BaseController) BaseController started!
2018-07-29 00:45:31,836 INFO  [restartedMain] (UI.DevicesController) DevicesController started!
2018-07-29 00:45:31,851 INFO  [restartedMain] (CIR.CIR-FileEngine) FileEngine for file 'rules.cir' started!
2018-07-29 00:45:31,873 INFO  [restartedMain] (CIR.CIRManager) CIRManager started!
2018-07-29 00:45:31,879 INFO  [restartedMain] (MAIN.AdaptorsDBEngine) AdaptorsDBEngine started @ URL: jdbc:derby://localhost:1527/products
2018-07-29 00:45:31,889 INFO  [restartedMain] (MainHTTPSender.MAIN) Starting MAIN Sender...
2018-07-29 00:45:31,889 INFO  [restartedMain] (MainHTTPSender.MAIN) MAIN Sender started!
2018-07-29 00:45:31,889 INFO  [restartedMain] (MainHTTPSender.MAIN) MainHTTPSender started!
2018-07-29 00:45:31,893 INFO  [restartedMain] (OH.OH-SitemapFileEngine) FileEngine for file 'home.sitemap' started!
2018-07-29 00:45:31,898 INFO  [restartedMain] (UI.ErrorController) ErrorController started!
2018-07-29 00:45:31,901 INFO  [restartedMain] (UI.SettingsController) SettingsController started!
2018-07-29 00:45:32,118 INFO  [restartedMain] (MQTT.MQTTClient) Connected to MQTT!
2018-07-29 00:45:32,119 DEBUG [restartedMain] (MQTT.MQTTClient) Subscribed to BM topic!
2018-07-29 00:45:32,119 DEBUG [restartedMain] (MQTT.MQTTClient) Listener set!
2018-07-29 00:45:32,119 DEBUG [restartedMain] (MQTT.MQTTClient) Publisher set!
2018-07-29 00:45:32,124 INFO  [restartedMain] (OH.OH-RulesFileEngine) FileEngine for file 'home.rules' started!
2018-07-29 00:45:32,125 INFO  [restartedMain] (MAIN.PropertiesFileEngine) FileEngine for file 'bm.properties' started!
2018-07-29 00:45:32,714 INFO  [restartedMain] (bm.main.Maestro) Started Maestro in 3.971 seconds (JVM running for 5.364)
2018-07-29 00:45:32,849 DEBUG [restartedMain] (MAIN.Maestro) Initializing repositories...
2018-07-29 00:45:32,849 INFO  [restartedMain] (MAIN.RoomRepository) Retrieving rooms from DB...
2018-07-29 00:45:32,887 DEBUG [restartedMain] (MAIN.RoomRepository) Adding room J444 (Kitchen) to repository!
2018-07-29 00:45:32,888 DEBUG [restartedMain] (MAIN.RoomRepository) Adding room U7YY (Dining Area) to repository!
2018-07-29 00:45:32,888 DEBUG [restartedMain] (MAIN.RoomRepository) Adding room RJ2L (Lanai) to repository!
2018-07-29 00:45:32,888 DEBUG [restartedMain] (MAIN.RoomRepository) Adding room DKF5 (Salas) to repository!
2018-07-29 00:45:32,888 DEBUG [restartedMain] (MAIN.RoomRepository) Adding room CRL0 (Kuya's Bedroom) to repository!
2018-07-29 00:45:32,888 DEBUG [restartedMain] (MAIN.RoomRepository) Adding room XKWG (2nd Floor) to repository!
2018-07-29 00:45:32,888 DEBUG [restartedMain] (MAIN.RoomRepository) 6 rooms added!
2018-07-29 00:45:32,889 DEBUG [restartedMain] (MAIN.RoomRepository) Room retrieval complete!
2018-07-29 00:45:32,889 INFO  [restartedMain] (MAIN.ProductRepository) Retrieving property types from DB...
2018-07-29 00:45:32,892 DEBUG [restartedMain] (MAIN.ProductRepository) Adding property type D (Digital) to repository!
2018-07-29 00:45:32,892 DEBUG [restartedMain] (MAIN.ProductRepository) Adding property type A1 (Analog) to repository!
2018-07-29 00:45:32,893 DEBUG [restartedMain] (MAIN.ProductRepository) Adding property type A2 (Percent) to repository!
2018-07-29 00:45:32,893 DEBUG [restartedMain] (MAIN.ProductRepository) Adding property type A3 (AnalogHue) to repository!
2018-07-29 00:45:32,893 DEBUG [restartedMain] (MAIN.ProductRepository) Adding property type STR (String) to repository!
2018-07-29 00:45:32,893 DEBUG [restartedMain] (MAIN.ProductRepository) Adding property type INN (Innate) to repository!
2018-07-29 00:45:32,893 DEBUG [restartedMain] (MAIN.ProductRepository) Adding property type INT (Integer) to repository!
2018-07-29 00:45:32,893 DEBUG [restartedMain] (MAIN.ProductRepository) 7 property types added!
2018-07-29 00:45:32,895 INFO  [restartedMain] (MAIN.ProductRepository) Populating products from DB...
2018-07-29 00:45:32,910 DEBUG [restartedMain] (MAIN.ProductFactory) Constructing product 0010 (Timer)
2018-07-29 00:45:32,915 DEBUG [restartedMain] (MAIN.ProductFactory) Adding property "Active" (index: 1) to product "Timer" (SSID: 0010)!
2018-07-29 00:45:32,915 DEBUG [restartedMain] (MAIN.ProductFactory) Adding property "Time" (index: 2) to product "Timer" (SSID: 0010)!
2018-07-29 00:45:32,915 DEBUG [restartedMain] (MAIN.ProductRepository) Product 0010 (Timer) added to repository!
2018-07-29 00:45:32,915 DEBUG [restartedMain] (MAIN.ProductRepository) Product 0010 (Timer) added to repository!
2018-07-29 00:45:32,915 DEBUG [restartedMain] (MAIN.ProductFactory) Constructing product 0011 (WS2812B)
2018-07-29 00:45:32,917 DEBUG [restartedMain] (MAIN.ProductFactory) Adding property "Warmwhite" (index: 1) to product "WS2812B" (SSID: 0011)!
2018-07-29 00:45:32,917 DEBUG [restartedMain] (MAIN.ProductFactory) Adding property "Red" (index: 2) to product "WS2812B" (SSID: 0011)!
2018-07-29 00:45:32,917 DEBUG [restartedMain] (MAIN.ProductFactory) Adding property "Random" (index: 3) to product "WS2812B" (SSID: 0011)!
2018-07-29 00:45:32,917 DEBUG [restartedMain] (MAIN.ProductFactory) Adding property "Sequence" (index: 4) to product "WS2812B" (SSID: 0011)!
2018-07-29 00:45:32,917 DEBUG [restartedMain] (MAIN.ProductFactory) Adding property "Off" (index: 5) to product "WS2812B" (SSID: 0011)!
2018-07-29 00:45:32,917 DEBUG [restartedMain] (MAIN.ProductFactory) Adding property "Group" (index: 6) to product "WS2812B" (SSID: 0011)!
2018-07-29 00:45:32,917 DEBUG [restartedMain] (MAIN.ProductFactory) Adding property "Groups" (index: 7) to product "WS2812B" (SSID: 0011)!
2018-07-29 00:45:32,917 DEBUG [restartedMain] (MAIN.ProductFactory) Adding property "Timer" (index: 8) to product "WS2812B" (SSID: 0011)!
2018-07-29 00:45:32,917 DEBUG [restartedMain] (MAIN.ProductFactory) Adding property "Start Timer" (index: 9) to product "WS2812B" (SSID: 0011)!
2018-07-29 00:45:32,918 DEBUG [restartedMain] (MAIN.ProductRepository) Product 0011 (WS2812B) added to repository!
2018-07-29 00:45:32,918 DEBUG [restartedMain] (MAIN.ProductRepository) Product 0011 (WS2812B) added to repository!
2018-07-29 00:45:32,918 DEBUG [restartedMain] (MAIN.ProductRepository) Product 0011 (WS2812B) added to repository!
2018-07-29 00:45:32,918 DEBUG [restartedMain] (MAIN.ProductRepository) Product 0011 (WS2812B) added to repository!
2018-07-29 00:45:32,918 DEBUG [restartedMain] (MAIN.ProductRepository) Product 0011 (WS2812B) added to repository!
2018-07-29 00:45:32,918 DEBUG [restartedMain] (MAIN.ProductRepository) Product 0011 (WS2812B) added to repository!
2018-07-29 00:45:32,918 DEBUG [restartedMain] (MAIN.ProductRepository) Product 0011 (WS2812B) added to repository!
2018-07-29 00:45:32,918 DEBUG [restartedMain] (MAIN.ProductRepository) Product 0011 (WS2812B) added to repository!
2018-07-29 00:45:32,918 DEBUG [restartedMain] (MAIN.ProductRepository) Product 0011 (WS2812B) added to repository!
2018-07-29 00:45:32,918 DEBUG [restartedMain] (MAIN.ProductFactory) Constructing product 0012 (VirtualSwitch)
2018-07-29 00:45:32,927 DEBUG [restartedMain] (MAIN.ProductFactory) Adding property "Switch" (index: 1) to product "VirtualSwitch" (SSID: 0012)!
2018-07-29 00:45:32,928 DEBUG [restartedMain] (MAIN.ProductRepository) Product 0012 (VirtualSwitch) added to repository!
2018-07-29 00:45:32,928 DEBUG [restartedMain] (MAIN.ProductFactory) Constructing product 0013 (VirtualSlider)
2018-07-29 00:45:32,932 DEBUG [restartedMain] (MAIN.ProductFactory) Adding property "Slider" (index: 1) to product "VirtualSlider" (SSID: 0013)!
2018-07-29 00:45:32,941 DEBUG [restartedMain] (MAIN.ProductRepository) Product 0013 (VirtualSlider) added to repository!
2018-07-29 00:45:32,941 DEBUG [restartedMain] (MAIN.ProductFactory) Constructing product 0002 (SoloLightRGB)
2018-07-29 00:45:32,947 DEBUG [restartedMain] (MAIN.ProductFactory) Adding property "Warm White" (index: 1) to product "SoloLightRGB" (SSID: 0002)!
2018-07-29 00:45:32,947 DEBUG [restartedMain] (MAIN.ProductFactory) Adding property "Red" (index: 4) to product "SoloLightRGB" (SSID: 0002)!
2018-07-29 00:45:32,947 DEBUG [restartedMain] (MAIN.ProductFactory) Adding property "Green" (index: 5) to product "SoloLightRGB" (SSID: 0002)!
2018-07-29 00:45:32,947 DEBUG [restartedMain] (MAIN.ProductFactory) Adding property "Blue" (index: 6) to product "SoloLightRGB" (SSID: 0002)!
2018-07-29 00:45:32,947 DEBUG [restartedMain] (MAIN.ProductFactory) Adding property "StartTimer" (index: 2) to product "SoloLightRGB" (SSID: 0002)!
2018-07-29 00:45:32,948 DEBUG [restartedMain] (MAIN.ProductFactory) Adding property "Timer(Mins)" (index: 3) to product "SoloLightRGB" (SSID: 0002)!
2018-07-29 00:45:32,948 DEBUG [restartedMain] (MAIN.ProductFactory) Adding property "Off" (index: 9) to product "SoloLightRGB" (SSID: 0002)!
2018-07-29 00:45:32,948 DEBUG [restartedMain] (MAIN.ProductFactory) Adding property "brightness" (index: 8) to product "SoloLightRGB" (SSID: 0002)!
2018-07-29 00:45:32,949 DEBUG [restartedMain] (MAIN.ProductFactory) Adding property "Orange" (index: 7) to product "SoloLightRGB" (SSID: 0002)!
2018-07-29 00:45:32,949 DEBUG [restartedMain] (MAIN.ProductRepository) Product 0002 (SoloLightRGB) added to repository!
2018-07-29 00:45:32,949 DEBUG [restartedMain] (MAIN.ProductRepository) Product 0002 (SoloLightRGB) added to repository!
2018-07-29 00:45:32,949 DEBUG [restartedMain] (MAIN.ProductRepository) Product 0002 (SoloLightRGB) added to repository!
2018-07-29 00:45:32,949 DEBUG [restartedMain] (MAIN.ProductRepository) Product 0002 (SoloLightRGB) added to repository!
2018-07-29 00:45:32,949 DEBUG [restartedMain] (MAIN.ProductRepository) Product 0002 (SoloLightRGB) added to repository!
2018-07-29 00:45:32,949 DEBUG [restartedMain] (MAIN.ProductRepository) Product 0002 (SoloLightRGB) added to repository!
2018-07-29 00:45:32,949 DEBUG [restartedMain] (MAIN.ProductFactory) Constructing product 0008 (PIRSensor)
2018-07-29 00:45:32,950 DEBUG [restartedMain] (MAIN.ProductFactory) Adding property "MotionDetected" (index: 1) to product "PIRSensor" (SSID: 0008)!
2018-07-29 00:45:32,950 DEBUG [restartedMain] (MAIN.ProductFactory) Adding property "PIR Indicator" (index: 2) to product "PIRSensor" (SSID: 0008)!
2018-07-29 00:45:32,950 DEBUG [restartedMain] (MAIN.ProductRepository) Product 0008 (PIRSensor) added to repository!
2018-07-29 00:45:32,951 DEBUG [restartedMain] (MAIN.ProductRepository) Product 0008 (PIRSensor) added to repository!
2018-07-29 00:45:32,951 DEBUG [restartedMain] (MAIN.ProductRepository) Product 0000 (System) added to repository!
2018-07-29 00:45:32,951 DEBUG [restartedMain] (MAIN.ProductRepository) Product 0000 (System) added to repository!
2018-07-29 00:45:32,951 DEBUG [restartedMain] (MAIN.ProductRepository) Product 0002 (SoloLightRGB) added to repository!
2018-07-29 00:45:32,951 DEBUG [restartedMain] (MAIN.ProductFactory) Constructing product 0005 (PlexMediaPlayer)
2018-07-29 00:45:32,952 DEBUG [restartedMain] (MAIN.ProductFactory) Adding property "Now Playing" (index: 1) to product "PlexMediaPlayer" (SSID: 0005)!
2018-07-29 00:45:32,952 DEBUG [restartedMain] (MAIN.ProductFactory) Adding property "Progress" (index: 4) to product "PlexMediaPlayer" (SSID: 0005)!
2018-07-29 00:45:32,952 DEBUG [restartedMain] (MAIN.ProductFactory) Adding property "Player Status" (index: 5) to product "PlexMediaPlayer" (SSID: 0005)!
2018-07-29 00:45:32,952 DEBUG [restartedMain] (MAIN.ProductFactory) Adding property "Player URL" (index: 0) to product "PlexMediaPlayer" (SSID: 0005)!
2018-07-29 00:45:32,952 DEBUG [restartedMain] (MAIN.ProductFactory) Adding property "Player Client Identifier" (index: 0) to product "PlexMediaPlayer" (SSID: 0005)!
2018-07-29 00:45:32,952 DEBUG [restartedMain] (MAIN.ProductFactory) Adding property "Play" (index: 2) to product "PlexMediaPlayer" (SSID: 0005)!
2018-07-29 00:45:32,952 DEBUG [restartedMain] (MAIN.ProductFactory) Adding property "Stop" (index: 4) to product "PlexMediaPlayer" (SSID: 0005)!
2018-07-29 00:45:32,952 DEBUG [restartedMain] (MAIN.ProductRepository) Product 0005 (PlexMediaPlayer) added to repository!
2018-07-29 00:45:32,952 DEBUG [restartedMain] (MAIN.ProductRepository) Product 0005 (PlexMediaPlayer) added to repository!
2018-07-29 00:45:32,953 DEBUG [restartedMain] (MAIN.ProductRepository) Product 0005 (PlexMediaPlayer) added to repository!
2018-07-29 00:45:32,953 DEBUG [restartedMain] (MAIN.ProductFactory) Constructing product 0009 (SamsungRemote)
2018-07-29 00:45:32,954 DEBUG [restartedMain] (MAIN.ProductFactory) Adding property "TogglePower" (index: 1) to product "SamsungRemote" (SSID: 0009)!
2018-07-29 00:45:32,954 DEBUG [restartedMain] (MAIN.ProductFactory) Adding property "Left" (index: 2) to product "SamsungRemote" (SSID: 0009)!
2018-07-29 00:45:32,954 DEBUG [restartedMain] (MAIN.ProductFactory) Adding property "Right" (index: 3) to product "SamsungRemote" (SSID: 0009)!
2018-07-29 00:45:32,954 DEBUG [restartedMain] (MAIN.ProductFactory) Adding property "Up" (index: 4) to product "SamsungRemote" (SSID: 0009)!
2018-07-29 00:45:32,954 DEBUG [restartedMain] (MAIN.ProductFactory) Adding property "Down" (index: 5) to product "SamsungRemote" (SSID: 0009)!
2018-07-29 00:45:32,955 DEBUG [restartedMain] (MAIN.ProductFactory) Adding property "Voume Up" (index: 6) to product "SamsungRemote" (SSID: 0009)!
2018-07-29 00:45:32,955 DEBUG [restartedMain] (MAIN.ProductFactory) Adding property "Volume Down" (index: 7) to product "SamsungRemote" (SSID: 0009)!
2018-07-29 00:45:32,956 DEBUG [restartedMain] (MAIN.ProductFactory) Adding property "Menu" (index: 8) to product "SamsungRemote" (SSID: 0009)!
2018-07-29 00:45:32,956 DEBUG [restartedMain] (MAIN.ProductRepository) Product 0009 (SamsungRemote) added to repository!
2018-07-29 00:45:32,956 DEBUG [restartedMain] (MAIN.ProductFactory) Constructing product 0006 (TFTSwitch)
2018-07-29 00:45:32,959 DEBUG [restartedMain] (MAIN.ProductFactory) Adding property "EnablePushSwitch" (index: 2) to product "TFTSwitch" (SSID: 0006)!
2018-07-29 00:45:32,959 DEBUG [restartedMain] (MAIN.ProductFactory) Adding property "State" (index: 3) to product "TFTSwitch" (SSID: 0006)!
2018-07-29 00:45:32,959 DEBUG [restartedMain] (MAIN.ProductFactory) Adding property "Switch" (index: 4) to product "TFTSwitch" (SSID: 0006)!
2018-07-29 00:45:32,960 DEBUG [restartedMain] (MAIN.ProductFactory) Adding property "EnableToggleSwitch" (index: 1) to product "TFTSwitch" (SSID: 0006)!
2018-07-29 00:45:32,960 DEBUG [restartedMain] (MAIN.ProductRepository) Product 0006 (TFTSwitch) added to repository!
2018-07-29 00:45:32,960 DEBUG [restartedMain] (MAIN.ProductRepository) Product 0006 (TFTSwitch) added to repository!
2018-07-29 00:45:32,960 DEBUG [restartedMain] (MAIN.ProductRepository) Product 0006 (TFTSwitch) added to repository!
2018-07-29 00:45:32,960 DEBUG [restartedMain] (MAIN.ProductRepository) Product 0009 (SamsungRemote) added to repository!
2018-07-29 00:45:32,960 DEBUG [restartedMain] (MAIN.ProductRepository) Product 0009 (SamsungRemote) added to repository!
2018-07-29 00:45:32,961 DEBUG [restartedMain] (MAIN.ProductRepository) Product 0009 (SamsungRemote) added to repository!
2018-07-29 00:45:32,961 DEBUG [restartedMain] (MAIN.ProductRepository) Product 0009 (SamsungRemote) added to repository!
2018-07-29 00:45:32,961 DEBUG [restartedMain] (MAIN.ProductRepository) Product 0009 (SamsungRemote) added to repository!
2018-07-29 00:45:32,961 DEBUG [restartedMain] (MAIN.ProductRepository) Product 0009 (SamsungRemote) added to repository!
2018-07-29 00:45:32,961 DEBUG [restartedMain] (MAIN.ProductRepository) Product 0009 (SamsungRemote) added to repository!
2018-07-29 00:45:32,961 DEBUG [restartedMain] (MAIN.ProductRepository) Product 0005 (PlexMediaPlayer) added to repository!
2018-07-29 00:45:32,961 DEBUG [restartedMain] (MAIN.ProductRepository) Product 0005 (PlexMediaPlayer) added to repository!
2018-07-29 00:45:32,961 DEBUG [restartedMain] (MAIN.ProductRepository) Product 0006 (TFTSwitch) added to repository!
2018-07-29 00:45:32,961 DEBUG [restartedMain] (MAIN.ProductFactory) Constructing product 0003 (Symphony Socket)
2018-07-29 00:45:32,963 DEBUG [restartedMain] (MAIN.ProductFactory) Adding property "Socket Switch" (index: 1) to product "Symphony Socket" (SSID: 0003)!
2018-07-29 00:45:32,963 DEBUG [restartedMain] (MAIN.ProductRepository) Product 0003 (Symphony Socket) added to repository!
2018-07-29 00:45:32,964 DEBUG [restartedMain] (MAIN.ProductRepository) Product 0002 (SoloLightRGB) added to repository!
2018-07-29 00:45:32,964 DEBUG [restartedMain] (MAIN.ProductRepository) Product 0002 (SoloLightRGB) added to repository!
2018-07-29 00:45:32,964 DEBUG [restartedMain] (MAIN.ProductFactory) Constructing product 0001 (SoloLight)
2018-07-29 00:45:32,965 DEBUG [restartedMain] (MAIN.ProductFactory) Adding property "Switch" (index: 1) to product "SoloLight" (SSID: 0001)!
2018-07-29 00:45:32,966 DEBUG [restartedMain] (MAIN.ProductRepository) Product 0001 (SoloLight) added to repository!
2018-07-29 00:45:32,966 DEBUG [restartedMain] (MAIN.ProductFactory) Constructing product 0007 (Test1)
2018-07-29 00:45:32,966 DEBUG [restartedMain] (MAIN.ProductFactory) Adding property "DO1" (index: 1) to product "Test1" (SSID: 0007)!
2018-07-29 00:45:32,967 DEBUG [restartedMain] (MAIN.ProductFactory) Adding property "DO2" (index: 2) to product "Test1" (SSID: 0007)!
2018-07-29 00:45:32,967 DEBUG [restartedMain] (MAIN.ProductFactory) Adding property "AO1" (index: 3) to product "Test1" (SSID: 0007)!
2018-07-29 00:45:32,967 DEBUG [restartedMain] (MAIN.ProductFactory) Adding property "AO2" (index: 4) to product "Test1" (SSID: 0007)!
2018-07-29 00:45:32,967 DEBUG [restartedMain] (MAIN.ProductRepository) Product 0007 (Test1) added to repository!
2018-07-29 00:45:32,967 DEBUG [restartedMain] (MAIN.ProductRepository) Product 0007 (Test1) added to repository!
2018-07-29 00:45:32,967 DEBUG [restartedMain] (MAIN.ProductRepository) Product 0007 (Test1) added to repository!
2018-07-29 00:45:32,967 DEBUG [restartedMain] (MAIN.ProductRepository) Product 0007 (Test1) added to repository!
2018-07-29 00:45:32,967 DEBUG [restartedMain] (MAIN.ProductRepository) Product 0005 (PlexMediaPlayer) added to repository!
2018-07-29 00:45:32,967 DEBUG [restartedMain] (MAIN.ProductRepository) Product 0005 (PlexMediaPlayer) added to repository!
2018-07-29 00:45:32,967 DEBUG [restartedMain] (MAIN.ProductRepository) 13 products added!
2018-07-29 00:45:32,968 INFO  [restartedMain] (MAIN.DeviceRepository) Retrieving devices from DB...
2018-07-29 00:45:33,005 DEBUG [restartedMain] (MAIN.DeviceRepository) Adding device D6N7 (TestComponent1) to repository!
2018-07-29 00:45:33,005 DEBUG [restartedMain] (MAIN.DeviceRepository) Setting property: D6N7_1 of device: D6N7 with value: 1
2018-07-29 00:45:33,006 DEBUG [restartedMain] (MAIN.DeviceRepository) Adding device C3I4 (RGB) to repository!
2018-07-29 00:45:33,007 DEBUG [restartedMain] (MAIN.DeviceRepository) Setting property: C3I4_1 of device: C3I4 with value: 0
2018-07-29 00:45:33,007 DEBUG [restartedMain] (MAIN.DeviceRepository) Setting property: C3I4_2 (StartTimer) of device: C3I4 with value: 0
2018-07-29 00:45:33,008 DEBUG [restartedMain] (MAIN.DeviceRepository) Setting property: C3I4_3 (Timer(Mins)) of device: C3I4 with value: 0
2018-07-29 00:45:33,008 DEBUG [restartedMain] (MAIN.DeviceRepository) Setting property: C3I4_4 (Red) of device: C3I4 with value: 0
2018-07-29 00:45:33,008 DEBUG [restartedMain] (MAIN.DeviceRepository) Setting property: C3I4_5 (Green) of device: C3I4 with value: 0
2018-07-29 00:45:33,008 DEBUG [restartedMain] (MAIN.DeviceRepository) Setting property: C3I4_6 (Blue) of device: C3I4 with value: 0
2018-07-29 00:45:33,008 DEBUG [restartedMain] (MAIN.DeviceRepository) Setting property: C3I4_7 (Orange) of device: C3I4 with value: 0
2018-07-29 00:45:33,009 DEBUG [restartedMain] (MAIN.DeviceRepository) Setting property: C3I4_8 (brightness) of device: C3I4 with value: 20
2018-07-29 00:45:33,009 DEBUG [restartedMain] (MAIN.DeviceRepository) Setting property: C3I4_9 (Off) of device: C3I4 with value: 0
2018-07-29 00:45:33,009 DEBUG [restartedMain] (MAIN.DeviceRepository) Adding device NB61 (Test) to repository!
2018-07-29 00:45:33,009 DEBUG [restartedMain] (MAIN.DeviceRepository) Setting property: NB61_1 of device: NB61 with value: 0
2018-07-29 00:45:33,010 INFO  [restartedMain] (MAIN.DeviceRepository) 3 devices retrieved!
2018-07-29 00:45:33,010 DEBUG [restartedMain] (MAIN.DeviceRepository) Updating devices in Symphony Environment...
2018-07-29 00:45:33,011 DEBUG [restartedMain] (MAIN.DeviceRepository) Devices updated in Symphony Environment!
2018-07-29 00:45:33,040 DEBUG [restartedMain] (MAIN.Initializables) Initializing bm.tools.IDGenerator
2018-07-29 00:45:33,040 DEBUG [restartedMain] (MAIN.Initializables) Initializing bm.context.adaptors.AdaptorManager
2018-07-29 00:45:33,041 INFO  [restartedMain] (MAIN.AdaptorManager) Linking adaptors to products...
2018-07-29 00:45:33,120 INFO  [restartedMain] (MAIN.AdaptorManager) 0 adaptor-product links made. 0 adaptor-product links failed. 0 total.
2018-07-29 00:45:33,121 INFO  [restartedMain] (MAIN.AdaptorManager) No links found for 3 adaptors. Assuming to be universal adaptors. Linking to all products...
2018-07-29 00:45:33,121 INFO  [restartedMain] (MAIN.AdaptorManager) Linking adaptor 0000000001 to all devices...
2018-07-29 00:45:33,121 INFO  [restartedMain] (MAIN.AdaptorManager) Linking adaptor 0000000000 to all devices...
2018-07-29 00:45:33,121 INFO  [restartedMain] (MAIN.AdaptorManager) Linking adaptor 0000000002 to all devices...
2018-07-29 00:45:33,121 INFO  [restartedMain] (MAIN.AdaptorManager) Universal adaptors linked!
2018-07-29 00:45:33,121 INFO  [restartedMain] (MAIN.AdaptorManager) Linking all adaptors to all rooms...
2018-07-29 00:45:33,121 INFO  [restartedMain] (MAIN.AdaptorManager) Linking adaptor 0000000001 to all rooms!
2018-07-29 00:45:33,121 INFO  [restartedMain] (MAIN.AdaptorManager) Linking adaptor 0000000000 to all rooms!
2018-07-29 00:45:33,121 INFO  [restartedMain] (MAIN.AdaptorManager) Linking adaptor 0000000002 to all rooms!
2018-07-29 00:45:33,121 INFO  [restartedMain] (MAIN.AdaptorManager) All adaptors linked to rooms!
2018-07-29 00:45:33,121 DEBUG [restartedMain] (MAIN.Initializables) Initializing bm.cir.CIRManager
2018-07-29 00:45:33,121 DEBUG [restartedMain] (CIR.CIRManager) Updating CIR...
2018-07-29 00:45:33,127 DEBUG [restartedMain] (CIR.CIRManager) CIR updated!
2018-07-29 00:45:33,127 INFO  [restartedMain] (MAIN.Maestro) BusinessMachine started!
2018-07-29 00:45:44,523 DEBUG [MQTT Call: VM_12345678] (MQTT.MainMQTTListener) Message arrived at topic BM
2018-07-29 00:45:44,524 DEBUG [MQTT Call: VM_12345678] (MQTT.MainMQTTListener) Message is: 
{
RID:"testmac",
CID:"NB61",
RTY:"detach"
}
2018-07-29 00:45:44,549 DEBUG [Thread1:Process1] (DETACH.DetachmentModule) DetachmentModule request processing started!
2018-07-29 00:45:44,550 INFO  [Thread1:Process1] (DETACH.DetachmentModule) Detaching device NB61 from system...
2018-07-29 00:45:44,550 INFO  [Thread1:Process1] (CIR.CIRManager) Removing rules with property NB61_1 as argument...
2018-07-29 00:45:44,563 DEBUG [Thread1:Process1] (CIR.CIRManager) Overwriting rules!
2018-07-29 00:45:44,568 DEBUG [Thread1:Process1] (CIR.CIRManager) Updating CIR...
2018-07-29 00:45:44,569 DEBUG [Thread1:Process1] (CIR.CIRManager) CIR updated!
2018-07-29 00:45:44,569 INFO  [Thread1:Process1] (CIR.CIRManager) 0 rules removed!
2018-07-29 00:45:44,569 DEBUG [Thread1:Process1] (MAIN.DEV:NB61) Deleting device NB61 from CIRAdaptor...
2018-07-29 00:45:44,569 DEBUG [Thread1:Process1] (MAIN.DEV:NB61) Deleting properties of device NB61 from CIRAdaptor...
2018-07-29 00:45:44,569 DEBUG [Thread1:Process1] (MAIN.DEV:NB61) Property NB61_1 of device NB61 deleted!
2018-07-29 00:45:44,569 DEBUG [Thread1:Process1] (MAIN.DEV:NB61) Device NB61 deleted!
2018-07-29 00:45:44,569 DEBUG [Thread1:Process1] (MAIN.DEV:NB61) Deleting device NB61 from DBAdaptor...
2018-07-29 00:45:44,675 DEBUG [Thread1:Process1] (MAIN.DEV:NB61) Deleting properties of device NB61 from DBAdaptor...
2018-07-29 00:45:44,675 WARN  [Thread1:Process1] (DB.DBAdaptor) 'propertyDeleted()' method is not supported in DBAdaptor.
2018-07-29 00:45:44,676 DEBUG [Thread1:Process1] (MAIN.DEV:NB61) Property NB61_1 of device NB61 deleted!
2018-07-29 00:45:44,676 DEBUG [Thread1:Process1] (MAIN.DEV:NB61) Device NB61 deleted!
2018-07-29 00:45:44,676 DEBUG [Thread1:Process1] (MAIN.DEV:NB61) Deleting device NB61 from OHAdaptor...
2018-07-29 00:45:44,702 DEBUG [Thread1:Process1] (MAIN.DEV:NB61) Deleting properties of device NB61 from OHAdaptor...
2018-07-29 00:45:44,952 DEBUG [Thread1:Process1] (MAIN.DEV:NB61) Property NB61_1 of device NB61 deleted!
2018-07-29 00:45:44,952 DEBUG [Thread1:Process1] (MAIN.DEV:NB61) Device NB61 deleted!
2018-07-29 00:45:44,952 DEBUG [Thread1:Process1] (MAIN.JEEPManager) Sending detachment response...
2018-07-29 00:45:44,953 INFO  [Thread1:Process1] (DETACH.DetachmentModule) Detachment complete!
2018-07-29 00:45:44,953 INFO  [Thread1:Process1] (DETACH.DetachmentModule) Request processing finished!
2018-07-29 00:45:44,953 DEBUG [MQTT] (MainMQTTPublisher.MQTT) Publishing message:{"RTY":"detach","RID":"testmac","CID":"NB61"} to NB61_topic
2018-07-29 00:45:45,072 DEBUG [MQTT Call: VM_12345678] (MQTT.MainMQTTListener) Message published!
2018-07-29 00:46:02,365 DEBUG [MQTT Call: VM_12345678] (MQTT.MainMQTTListener) Message arrived at topic BM
2018-07-29 00:46:02,366 DEBUG [MQTT Call: VM_12345678] (MQTT.MainMQTTListener) Message is: 
{
"RID":"testmac5555",
"CID":"0001",
"RTY":"register",
"name":"Test",
"roomID":"CRL0"
}
2018-07-29 00:46:02,475 DEBUG [Thread2:Process2] (REG.RegistrationModule) RegistrationModule request processing started!
2018-07-29 00:46:02,477 INFO  [Thread2:Process2] (REG.RegistrationModule) Registering device testmac5555 to Environment...
2018-07-29 00:46:02,477 DEBUG [Thread2:Process2] (REG.RegistrationModule) Creating Device object...
2018-07-29 00:46:02,477 DEBUG [Thread2:Process2] (MAIN.DEV:B6SM) Creating device B6SM in CIRAdaptor...
2018-07-29 00:46:02,477 DEBUG [Thread2:Process2] (MAIN.DEV:B6SM) Device B6SM created in CIRAdaptor!
2018-07-29 00:46:02,477 DEBUG [Thread2:Process2] (MAIN.DEV:B6SM) Creating device B6SM in DBAdaptor...
2018-07-29 00:46:02,501 DEBUG [Thread2:Process2] (MAIN.DEV:B6SM) Device B6SM created in DBAdaptor!
2018-07-29 00:46:02,501 DEBUG [Thread2:Process2] (MAIN.DEV:B6SM) Creating device B6SM in OHAdaptor...
2018-07-29 00:46:02,501 DEBUG [Thread2:Process2] (MAIN.DEV:B6SM) Device B6SM created in OHAdaptor!
2018-07-29 00:46:02,501 DEBUG [Thread2:Process2] (MAIN.DEV:B6SM) Creating properties of device B6SM in Environment...
2018-07-29 00:46:02,501 DEBUG [Thread2:Process2] (REG.B6SM_1) Creating property B6SM_1 in CIRAdaptor...
2018-07-29 00:46:02,502 DEBUG [Thread2:Process2] (REG.B6SM_1) Property B6SM_1 created!
2018-07-29 00:46:02,502 DEBUG [Thread2:Process2] (REG.B6SM_1) Creating property B6SM_1 in DBAdaptor...
2018-07-29 00:46:02,508 DEBUG [Thread2:Process2] (REG.B6SM_1) Property B6SM_1 created!
2018-07-29 00:46:02,509 DEBUG [Thread2:Process2] (REG.B6SM_1) Creating property B6SM_1 in OHAdaptor...
2018-07-29 00:46:02,510 DEBUG [Thread2:Process2] (REG.B6SM_1) Property B6SM_1 created!
2018-07-29 00:46:02,510 DEBUG [Thread2:Process2] (MAIN.DEV:B6SM) Property B6SM_1 of device B6SM created!
2018-07-29 00:46:02,510 DEBUG [Thread2:Process2] (MAIN.DEV:B6SM) Device B6SM created!
2018-07-29 00:46:02,510 DEBUG [Thread2:Process2] (REG.B6SM_1) Updating value of property B6SM_1 in CIRAdaptor...
2018-07-29 00:46:02,510 DEBUG [Thread2:Process2] (REG.B6SM_1) Property B6SM_1 updated!
2018-07-29 00:46:02,510 DEBUG [Thread2:Process2] (REG.B6SM_1) Updating value of property B6SM_1 in DBAdaptor...
2018-07-29 00:46:02,521 DEBUG [Thread2:Process2] (REG.B6SM_1) Property B6SM_1 updated!
2018-07-29 00:46:02,521 DEBUG [Thread2:Process2] (REG.B6SM_1) Updating value of property B6SM_1 in OHAdaptor...
2018-07-29 00:46:02,521 DEBUG [Thread2:Process2] (REG.B6SM_1) Property B6SM_1 updated!
2018-07-29 00:46:02,521 INFO  [Thread2:Process2] (REG.RegistrationModule) Sending device credentials to actual device...
2018-07-29 00:46:02,521 DEBUG [Thread2:Process2] (MAIN.JEEPManager) Sending registration response...
2018-07-29 00:46:02,522 INFO  [Thread2:Process2] (REG.RegistrationModule) Registration complete!
2018-07-29 00:46:02,522 INFO  [Thread2:Process2] (REG.RegistrationModule) Request processing finished!
2018-07-29 00:46:02,532 DEBUG [CIRManager] (CIR.CIRManager) Updating CIR...
2018-07-29 00:46:02,538 DEBUG [MQTT] (MainMQTTPublisher.MQTT) Publishing message:{"RTY":"register","success":true,"topic":"B6SM_topic","id":"B6SM","RID":"testmac5555","CID":"B6SM"} to default_topic
2018-07-29 00:46:02,538 DEBUG [MQTT Call: VM_12345678] (MQTT.MainMQTTListener) Message published!
2018-07-29 00:46:02,540 DEBUG [CIRManager] (CIR.CIRManager) CIR updated!
2018-07-29 00:46:02,540 DEBUG [CIRManager] (CIR.CIRManager) Property B6SM_1 changed value. Checking CIR...
2018-07-29 00:46:02,540 DEBUG [CIRManager] (CIR.CIRManager) No rules found!
2018-07-29 00:46:07,598 DEBUG [MQTT Call: VM_12345678] (MQTT.MainMQTTListener) Message arrived at topic BM
2018-07-29 00:46:07,626 DEBUG [MQTT Call: VM_12345678] (MQTT.MainMQTTListener) Message is: 
{RID:'OH-POOP', CID:'B6SM',RTY:'poop',property:'1',value:'1'}
2018-07-29 00:46:07,652 DEBUG [Thread3:Process3] (POOP.POOPModule) POOPModule request processing started!
2018-07-29 00:46:07,654 INFO  [Thread3:Process3] (POOP.POOPModule) Changing property 1 of device B6SM to 1...
2018-07-29 00:46:07,655 DEBUG [Thread3:Process3] (POOP.POOPModule) Updating property in system...
2018-07-29 00:46:07,655 DEBUG [Thread3:Process3] (POOP.B6SM_1) Updating value of property B6SM_1 in CIRAdaptor...
2018-07-29 00:46:07,655 DEBUG [Thread3:Process3] (POOP.B6SM_1) Property B6SM_1 updated!
2018-07-29 00:46:07,655 DEBUG [Thread3:Process3] (POOP.B6SM_1) Updating value of property B6SM_1 in DBAdaptor...
2018-07-29 00:46:07,655 DEBUG [Thread3:Process3] (POOP.B6SM_1) Property B6SM_1 updated!
2018-07-29 00:46:07,655 DEBUG [Thread3:Process3] (POOP.B6SM_1) Updating value of property B6SM_1 in OHAdaptor...
2018-07-29 00:46:07,655 DEBUG [Thread3:Process3] (POOP.B6SM_1) Property B6SM_1 updated!
2018-07-29 00:46:07,655 DEBUG [Thread3:Process3] (MAIN.JEEPManager) Sending POOP request...
2018-07-29 00:46:07,656 INFO  [Thread3:Process3] (POOP.POOPModule) Property changed. POOP processing complete!
2018-07-29 00:46:07,656 INFO  [Thread3:Process3] (POOP.POOPModule) Request processing finished!
2018-07-29 00:46:07,688 DEBUG [MQTT] (MainMQTTPublisher.MQTT) Publishing message:{"RTY":"poop","success":true,"property":"B6SM_1","RID":"2722264136","value":"1","CID":"B6SM"} to B6SM_topic
2018-07-29 00:46:07,689 DEBUG [CIRManager] (CIR.CIRManager) Updating CIR...
2018-07-29 00:46:07,689 DEBUG [MQTT Call: VM_12345678] (MQTT.MainMQTTListener) Message published!
2018-07-29 00:46:07,727 DEBUG [CIRManager] (CIR.CIRManager) CIR updated!
2018-07-29 00:46:07,727 DEBUG [CIRManager] (CIR.CIRManager) Property B6SM_1 changed value. Checking CIR...
2018-07-29 00:46:07,727 DEBUG [CIRManager] (CIR.CIRManager) No rules found!
2018-07-29 00:46:11,230 DEBUG [MQTT Call: VM_12345678] (MQTT.MainMQTTListener) Message arrived at topic BM
2018-07-29 00:46:11,231 DEBUG [MQTT Call: VM_12345678] (MQTT.MainMQTTListener) Message is: 
{RID:'OH-POOP', CID:'B6SM',RTY:'poop',property:'1',value:'0'}
2018-07-29 00:46:11,274 DEBUG [Thread1:Process4] (POOP.POOPModule) POOPModule request processing started!
2018-07-29 00:46:11,274 INFO  [Thread1:Process4] (POOP.POOPModule) Changing property 1 of device B6SM to 0...
2018-07-29 00:46:11,274 DEBUG [Thread1:Process4] (POOP.POOPModule) Updating property in system...
2018-07-29 00:46:11,274 DEBUG [Thread1:Process4] (POOP.B6SM_1) Updating value of property B6SM_1 in CIRAdaptor...
2018-07-29 00:46:11,274 DEBUG [Thread1:Process4] (POOP.B6SM_1) Property B6SM_1 updated!
2018-07-29 00:46:11,274 DEBUG [Thread1:Process4] (POOP.B6SM_1) Updating value of property B6SM_1 in DBAdaptor...
2018-07-29 00:46:11,274 DEBUG [Thread1:Process4] (POOP.B6SM_1) Property B6SM_1 updated!
2018-07-29 00:46:11,275 DEBUG [Thread1:Process4] (POOP.B6SM_1) Updating value of property B6SM_1 in OHAdaptor...
2018-07-29 00:46:11,275 DEBUG [Thread1:Process4] (POOP.B6SM_1) Property B6SM_1 updated!
2018-07-29 00:46:11,275 DEBUG [Thread1:Process4] (MAIN.JEEPManager) Sending POOP request...
2018-07-29 00:46:11,275 INFO  [Thread1:Process4] (POOP.POOPModule) Property changed. POOP processing complete!
2018-07-29 00:46:11,275 INFO  [Thread1:Process4] (POOP.POOPModule) Request processing finished!
2018-07-29 00:46:11,274 DEBUG [CIRManager] (CIR.CIRManager) Updating CIR...
2018-07-29 00:46:11,300 DEBUG [CIRManager] (CIR.CIRManager) CIR updated!
2018-07-29 00:46:11,300 DEBUG [CIRManager] (CIR.CIRManager) Property B6SM_1 changed value. Checking CIR...
2018-07-29 00:46:11,300 DEBUG [CIRManager] (CIR.CIRManager) No rules found!
2018-07-29 00:46:11,336 DEBUG [MQTT] (MainMQTTPublisher.MQTT) Publishing message:{"RTY":"poop","success":true,"property":"B6SM_1","RID":"7325087667","value":"0","CID":"B6SM"} to B6SM_topic
2018-07-29 00:46:11,337 DEBUG [MQTT Call: VM_12345678] (MQTT.MainMQTTListener) Message published!
2018-07-29 00:46:11,834 DEBUG [MQTT Call: VM_12345678] (MQTT.MainMQTTListener) Message arrived at topic BM
2018-07-29 00:46:11,834 DEBUG [MQTT Call: VM_12345678] (MQTT.MainMQTTListener) Message is: 
{RID:'OH-POOP', CID:'B6SM',RTY:'poop',property:'1',value:'1'}
2018-07-29 00:46:11,880 DEBUG [Thread2:Process5] (POOP.POOPModule) POOPModule request processing started!
2018-07-29 00:46:11,880 INFO  [Thread2:Process5] (POOP.POOPModule) Changing property 1 of device B6SM to 1...
2018-07-29 00:46:11,880 DEBUG [Thread2:Process5] (POOP.POOPModule) Updating property in system...
2018-07-29 00:46:11,880 DEBUG [Thread2:Process5] (POOP.B6SM_1) Updating value of property B6SM_1 in CIRAdaptor...
2018-07-29 00:46:11,880 DEBUG [Thread2:Process5] (POOP.B6SM_1) Property B6SM_1 updated!
2018-07-29 00:46:11,880 DEBUG [Thread2:Process5] (POOP.B6SM_1) Updating value of property B6SM_1 in DBAdaptor...
2018-07-29 00:46:11,880 DEBUG [Thread2:Process5] (POOP.B6SM_1) Property B6SM_1 updated!
2018-07-29 00:46:11,880 DEBUG [Thread2:Process5] (POOP.B6SM_1) Updating value of property B6SM_1 in OHAdaptor...
2018-07-29 00:46:11,880 DEBUG [Thread2:Process5] (POOP.B6SM_1) Property B6SM_1 updated!
2018-07-29 00:46:11,880 DEBUG [Thread2:Process5] (MAIN.JEEPManager) Sending POOP request...
2018-07-29 00:46:11,880 INFO  [Thread2:Process5] (POOP.POOPModule) Property changed. POOP processing complete!
2018-07-29 00:46:11,881 INFO  [Thread2:Process5] (POOP.POOPModule) Request processing finished!
2018-07-29 00:46:11,916 DEBUG [CIRManager] (CIR.CIRManager) Updating CIR...
2018-07-29 00:46:11,921 DEBUG [CIRManager] (CIR.CIRManager) CIR updated!
2018-07-29 00:46:11,921 DEBUG [CIRManager] (CIR.CIRManager) Property B6SM_1 changed value. Checking CIR...
2018-07-29 00:46:11,921 DEBUG [CIRManager] (CIR.CIRManager) No rules found!
2018-07-29 00:46:11,922 DEBUG [MQTT] (MainMQTTPublisher.MQTT) Publishing message:{"RTY":"poop","success":true,"property":"B6SM_1","RID":"6515634863","value":"1","CID":"B6SM"} to B6SM_topic
2018-07-29 00:46:11,922 DEBUG [MQTT Call: VM_12345678] (MQTT.MainMQTTListener) Message published!
2018-07-29 00:46:12,662 DEBUG [MQTT Call: VM_12345678] (MQTT.MainMQTTListener) Message arrived at topic BM
2018-07-29 00:46:12,662 DEBUG [MQTT Call: VM_12345678] (MQTT.MainMQTTListener) Message is: 
{RID:'OH-POOP', CID:'B6SM',RTY:'poop',property:'1',value:'0'}
2018-07-29 00:46:12,736 DEBUG [Thread3:Process6] (POOP.POOPModule) POOPModule request processing started!
2018-07-29 00:46:12,736 INFO  [Thread3:Process6] (POOP.POOPModule) Changing property 1 of device B6SM to 0...
2018-07-29 00:46:12,736 DEBUG [Thread3:Process6] (POOP.POOPModule) Updating property in system...
2018-07-29 00:46:12,736 DEBUG [Thread3:Process6] (POOP.B6SM_1) Updating value of property B6SM_1 in CIRAdaptor...
2018-07-29 00:46:12,736 DEBUG [Thread3:Process6] (POOP.B6SM_1) Property B6SM_1 updated!
2018-07-29 00:46:12,736 DEBUG [Thread3:Process6] (POOP.B6SM_1) Updating value of property B6SM_1 in DBAdaptor...
2018-07-29 00:46:12,736 DEBUG [Thread3:Process6] (POOP.B6SM_1) Property B6SM_1 updated!
2018-07-29 00:46:12,736 DEBUG [Thread3:Process6] (POOP.B6SM_1) Updating value of property B6SM_1 in OHAdaptor...
2018-07-29 00:46:12,737 DEBUG [Thread3:Process6] (POOP.B6SM_1) Property B6SM_1 updated!
2018-07-29 00:46:12,737 DEBUG [Thread3:Process6] (MAIN.JEEPManager) Sending POOP request...
2018-07-29 00:46:12,737 INFO  [Thread3:Process6] (POOP.POOPModule) Property changed. POOP processing complete!
2018-07-29 00:46:12,737 INFO  [Thread3:Process6] (POOP.POOPModule) Request processing finished!
2018-07-29 00:46:12,747 DEBUG [CIRManager] (CIR.CIRManager) Updating CIR...
2018-07-29 00:46:12,747 DEBUG [MQTT] (MainMQTTPublisher.MQTT) Publishing message:{"RTY":"poop","success":true,"property":"B6SM_1","RID":"0138374265","value":"0","CID":"B6SM"} to B6SM_topic
2018-07-29 00:46:12,751 DEBUG [MQTT Call: VM_12345678] (MQTT.MainMQTTListener) Message published!
2018-07-29 00:46:12,769 DEBUG [CIRManager] (CIR.CIRManager) CIR updated!
2018-07-29 00:46:12,769 DEBUG [CIRManager] (CIR.CIRManager) Property B6SM_1 changed value. Checking CIR...
2018-07-29 00:46:12,769 DEBUG [CIRManager] (CIR.CIRManager) No rules found!
2018-07-29 00:46:13,141 DEBUG [MQTT Call: VM_12345678] (MQTT.MainMQTTListener) Message arrived at topic BM
2018-07-29 00:46:13,141 DEBUG [MQTT Call: VM_12345678] (MQTT.MainMQTTListener) Message is: 
{RID:'OH-POOP', CID:'B6SM',RTY:'poop',property:'1',value:'1'}
2018-07-29 00:46:13,199 DEBUG [Thread1:Process7] (POOP.POOPModule) POOPModule request processing started!
2018-07-29 00:46:13,199 INFO  [Thread1:Process7] (POOP.POOPModule) Changing property 1 of device B6SM to 1...
2018-07-29 00:46:13,199 DEBUG [Thread1:Process7] (POOP.POOPModule) Updating property in system...
2018-07-29 00:46:13,199 DEBUG [Thread1:Process7] (POOP.B6SM_1) Updating value of property B6SM_1 in CIRAdaptor...
2018-07-29 00:46:13,199 DEBUG [Thread1:Process7] (POOP.B6SM_1) Property B6SM_1 updated!
2018-07-29 00:46:13,199 DEBUG [CIRManager] (CIR.CIRManager) Updating CIR...
2018-07-29 00:46:13,199 DEBUG [Thread1:Process7] (POOP.B6SM_1) Updating value of property B6SM_1 in DBAdaptor...
2018-07-29 00:46:13,199 DEBUG [Thread1:Process7] (POOP.B6SM_1) Property B6SM_1 updated!
2018-07-29 00:46:13,200 DEBUG [Thread1:Process7] (POOP.B6SM_1) Updating value of property B6SM_1 in OHAdaptor...
2018-07-29 00:46:13,200 DEBUG [Thread1:Process7] (POOP.B6SM_1) Property B6SM_1 updated!
2018-07-29 00:46:13,200 DEBUG [Thread1:Process7] (MAIN.JEEPManager) Sending POOP request...
2018-07-29 00:46:13,200 INFO  [Thread1:Process7] (POOP.POOPModule) Property changed. POOP processing complete!
2018-07-29 00:46:13,200 INFO  [Thread1:Process7] (POOP.POOPModule) Request processing finished!
2018-07-29 00:46:13,215 DEBUG [CIRManager] (CIR.CIRManager) CIR updated!
2018-07-29 00:46:13,215 DEBUG [CIRManager] (CIR.CIRManager) Property B6SM_1 changed value. Checking CIR...
2018-07-29 00:46:13,215 DEBUG [CIRManager] (CIR.CIRManager) No rules found!
2018-07-29 00:46:13,294 DEBUG [MQTT] (MainMQTTPublisher.MQTT) Publishing message:{"RTY":"poop","success":true,"property":"B6SM_1","RID":"0304463765","value":"1","CID":"B6SM"} to B6SM_topic
2018-07-29 00:46:13,295 DEBUG [MQTT Call: VM_12345678] (MQTT.MainMQTTListener) Message published!
2018-07-29 00:46:13,481 DEBUG [MQTT Call: VM_12345678] (MQTT.MainMQTTListener) Message arrived at topic BM
2018-07-29 00:46:13,481 DEBUG [MQTT Call: VM_12345678] (MQTT.MainMQTTListener) Message is: 
{RID:'OH-POOP', CID:'B6SM',RTY:'poop',property:'1',value:'0'}
2018-07-29 00:46:13,503 DEBUG [Thread2:Process8] (POOP.POOPModule) POOPModule request processing started!
2018-07-29 00:46:13,503 INFO  [Thread2:Process8] (POOP.POOPModule) Changing property 1 of device B6SM to 0...
2018-07-29 00:46:13,503 DEBUG [Thread2:Process8] (POOP.POOPModule) Updating property in system...
2018-07-29 00:46:13,503 DEBUG [Thread2:Process8] (POOP.B6SM_1) Updating value of property B6SM_1 in CIRAdaptor...
2018-07-29 00:46:13,503 DEBUG [Thread2:Process8] (POOP.B6SM_1) Property B6SM_1 updated!
2018-07-29 00:46:13,503 DEBUG [CIRManager] (CIR.CIRManager) Updating CIR...
2018-07-29 00:46:13,503 DEBUG [Thread2:Process8] (POOP.B6SM_1) Updating value of property B6SM_1 in DBAdaptor...
2018-07-29 00:46:13,503 DEBUG [Thread2:Process8] (POOP.B6SM_1) Property B6SM_1 updated!
2018-07-29 00:46:13,503 DEBUG [Thread2:Process8] (POOP.B6SM_1) Updating value of property B6SM_1 in OHAdaptor...
2018-07-29 00:46:13,503 DEBUG [Thread2:Process8] (POOP.B6SM_1) Property B6SM_1 updated!
2018-07-29 00:46:13,503 DEBUG [Thread2:Process8] (MAIN.JEEPManager) Sending POOP request...
2018-07-29 00:46:13,504 INFO  [Thread2:Process8] (POOP.POOPModule) Property changed. POOP processing complete!
2018-07-29 00:46:13,504 INFO  [Thread2:Process8] (POOP.POOPModule) Request processing finished!
2018-07-29 00:46:13,530 DEBUG [CIRManager] (CIR.CIRManager) CIR updated!
2018-07-29 00:46:13,530 DEBUG [CIRManager] (CIR.CIRManager) Property B6SM_1 changed value. Checking CIR...
2018-07-29 00:46:13,530 DEBUG [CIRManager] (CIR.CIRManager) No rules found!
2018-07-29 00:46:13,542 DEBUG [MQTT] (MainMQTTPublisher.MQTT) Publishing message:{"RTY":"poop","success":true,"property":"B6SM_1","RID":"2638375381","value":"0","CID":"B6SM"} to B6SM_topic
2018-07-29 00:46:13,543 DEBUG [MQTT Call: VM_12345678] (MQTT.MainMQTTListener) Message published!
2018-07-29 00:46:15,688 DEBUG [MQTT Call: VM_12345678] (MQTT.MainMQTTListener) Message arrived at topic BM
2018-07-29 00:46:15,689 DEBUG [MQTT Call: VM_12345678] (MQTT.MainMQTTListener) Message is: 
{RID:'OH-POOP', CID:'B6SM',RTY:'poop',property:'1',value:'1'}
2018-07-29 00:46:15,689 DEBUG [Thread3:Process9] (POOP.POOPModule) POOPModule request processing started!
2018-07-29 00:46:15,690 INFO  [Thread3:Process9] (POOP.POOPModule) Changing property 1 of device B6SM to 1...
2018-07-29 00:46:15,690 DEBUG [Thread3:Process9] (POOP.POOPModule) Updating property in system...
2018-07-29 00:46:15,690 DEBUG [Thread3:Process9] (POOP.B6SM_1) Updating value of property B6SM_1 in CIRAdaptor...
2018-07-29 00:46:15,690 DEBUG [Thread3:Process9] (POOP.B6SM_1) Property B6SM_1 updated!
2018-07-29 00:46:15,690 DEBUG [Thread3:Process9] (POOP.B6SM_1) Updating value of property B6SM_1 in DBAdaptor...
2018-07-29 00:46:15,690 DEBUG [Thread3:Process9] (POOP.B6SM_1) Property B6SM_1 updated!
2018-07-29 00:46:15,690 DEBUG [Thread3:Process9] (POOP.B6SM_1) Updating value of property B6SM_1 in OHAdaptor...
2018-07-29 00:46:15,690 DEBUG [Thread3:Process9] (POOP.B6SM_1) Property B6SM_1 updated!
2018-07-29 00:46:15,690 DEBUG [Thread3:Process9] (MAIN.JEEPManager) Sending POOP request...
2018-07-29 00:46:15,691 INFO  [Thread3:Process9] (POOP.POOPModule) Property changed. POOP processing complete!
2018-07-29 00:46:15,691 INFO  [Thread3:Process9] (POOP.POOPModule) Request processing finished!
2018-07-29 00:46:15,756 DEBUG [CIRManager] (CIR.CIRManager) Updating CIR...
2018-07-29 00:46:15,762 DEBUG [CIRManager] (CIR.CIRManager) CIR updated!
2018-07-29 00:46:15,762 DEBUG [CIRManager] (CIR.CIRManager) Property B6SM_1 changed value. Checking CIR...
2018-07-29 00:46:15,762 DEBUG [CIRManager] (CIR.CIRManager) No rules found!
2018-07-29 00:46:15,773 DEBUG [MQTT] (MainMQTTPublisher.MQTT) Publishing message:{"RTY":"poop","success":true,"property":"B6SM_1","RID":"3662032581","value":"1","CID":"B6SM"} to B6SM_topic
2018-07-29 00:46:15,774 DEBUG [MQTT Call: VM_12345678] (MQTT.MainMQTTListener) Message published!
2018-07-29 00:46:17,686 DEBUG [MQTT Call: VM_12345678] (MQTT.MainMQTTListener) Message arrived at topic BM
2018-07-29 00:46:17,686 DEBUG [MQTT Call: VM_12345678] (MQTT.MainMQTTListener) Message is: 
{RID:'OH-POOP', CID:'B6SM',RTY:'poop',property:'1',value:'0'}
2018-07-29 00:46:17,705 DEBUG [Thread1:Process10] (POOP.POOPModule) POOPModule request processing started!
2018-07-29 00:46:17,705 INFO  [Thread1:Process10] (POOP.POOPModule) Changing property 1 of device B6SM to 0...
2018-07-29 00:46:17,705 DEBUG [Thread1:Process10] (POOP.POOPModule) Updating property in system...
2018-07-29 00:46:17,705 DEBUG [Thread1:Process10] (POOP.B6SM_1) Updating value of property B6SM_1 in CIRAdaptor...
2018-07-29 00:46:17,705 DEBUG [Thread1:Process10] (POOP.B6SM_1) Property B6SM_1 updated!
2018-07-29 00:46:17,705 DEBUG [Thread1:Process10] (POOP.B6SM_1) Updating value of property B6SM_1 in DBAdaptor...
2018-07-29 00:46:17,705 DEBUG [Thread1:Process10] (POOP.B6SM_1) Property B6SM_1 updated!
2018-07-29 00:46:17,705 DEBUG [Thread1:Process10] (POOP.B6SM_1) Updating value of property B6SM_1 in OHAdaptor...
2018-07-29 00:46:17,705 DEBUG [Thread1:Process10] (POOP.B6SM_1) Property B6SM_1 updated!
2018-07-29 00:46:17,705 DEBUG [Thread1:Process10] (MAIN.JEEPManager) Sending POOP request...
2018-07-29 00:46:17,705 INFO  [Thread1:Process10] (POOP.POOPModule) Property changed. POOP processing complete!
2018-07-29 00:46:17,705 INFO  [Thread1:Process10] (POOP.POOPModule) Request processing finished!
2018-07-29 00:46:17,718 DEBUG [CIRManager] (CIR.CIRManager) Updating CIR...
2018-07-29 00:46:17,722 DEBUG [MQTT] (MainMQTTPublisher.MQTT) Publishing message:{"RTY":"poop","success":true,"property":"B6SM_1","RID":"4465306603","value":"0","CID":"B6SM"} to B6SM_topic
2018-07-29 00:46:17,737 DEBUG [CIRManager] (CIR.CIRManager) CIR updated!
2018-07-29 00:46:17,737 DEBUG [CIRManager] (CIR.CIRManager) Property B6SM_1 changed value. Checking CIR...
2018-07-29 00:46:17,737 DEBUG [CIRManager] (CIR.CIRManager) No rules found!
2018-07-29 00:46:17,738 DEBUG [MQTT Call: VM_12345678] (MQTT.MainMQTTListener) Message published!
2018-07-29 00:46:19,933 DEBUG [MQTT Call: VM_12345678] (MQTT.MainMQTTListener) Message arrived at topic BM
2018-07-29 00:46:19,933 DEBUG [MQTT Call: VM_12345678] (MQTT.MainMQTTListener) Message is: 
{RID:'OH-POOP', CID:'B6SM',RTY:'poop',property:'1',value:'1'}
2018-07-29 00:46:19,936 DEBUG [Thread2:Process11] (POOP.POOPModule) POOPModule request processing started!
2018-07-29 00:46:19,936 INFO  [Thread2:Process11] (POOP.POOPModule) Changing property 1 of device B6SM to 1...
2018-07-29 00:46:19,936 DEBUG [Thread2:Process11] (POOP.POOPModule) Updating property in system...
2018-07-29 00:46:19,936 DEBUG [Thread2:Process11] (POOP.B6SM_1) Updating value of property B6SM_1 in CIRAdaptor...
2018-07-29 00:46:19,936 DEBUG [Thread2:Process11] (POOP.B6SM_1) Property B6SM_1 updated!
2018-07-29 00:46:19,936 DEBUG [Thread2:Process11] (POOP.B6SM_1) Updating value of property B6SM_1 in DBAdaptor...
2018-07-29 00:46:19,936 DEBUG [Thread2:Process11] (POOP.B6SM_1) Property B6SM_1 updated!
2018-07-29 00:46:19,936 DEBUG [Thread2:Process11] (POOP.B6SM_1) Updating value of property B6SM_1 in OHAdaptor...
2018-07-29 00:46:19,936 DEBUG [Thread2:Process11] (POOP.B6SM_1) Property B6SM_1 updated!
2018-07-29 00:46:19,936 DEBUG [Thread2:Process11] (MAIN.JEEPManager) Sending POOP request...
2018-07-29 00:46:19,936 INFO  [Thread2:Process11] (POOP.POOPModule) Property changed. POOP processing complete!
2018-07-29 00:46:19,936 INFO  [Thread2:Process11] (POOP.POOPModule) Request processing finished!
2018-07-29 00:46:19,939 DEBUG [MQTT] (MainMQTTPublisher.MQTT) Publishing message:{"RTY":"poop","success":true,"property":"B6SM_1","RID":"8478102073","value":"1","CID":"B6SM"} to B6SM_topic
2018-07-29 00:46:19,940 DEBUG [MQTT Call: VM_12345678] (MQTT.MainMQTTListener) Message published!
2018-07-29 00:46:19,937 DEBUG [CIRManager] (CIR.CIRManager) Updating CIR...
2018-07-29 00:46:19,991 DEBUG [CIRManager] (CIR.CIRManager) CIR updated!
2018-07-29 00:46:19,991 DEBUG [CIRManager] (CIR.CIRManager) Property B6SM_1 changed value. Checking CIR...
2018-07-29 00:46:19,991 DEBUG [CIRManager] (CIR.CIRManager) No rules found!
